12/08/2013 02:26:47 PM org.apache.catalina.core.ApplicationContext log
INFO: Initializing Spring root WebApplicationContext
12/08/2013 04:15:59 PM org.apache.catalina.core.ApplicationContext log
INFO: Initializing Spring root WebApplicationContext
12/08/2013 04:16:26 PM org.apache.catalina.core.ApplicationContext log
INFO: Closing Spring root WebApplicationContext
12/08/2013 04:17:51 PM org.apache.catalina.core.ApplicationContext log
INFO: Initializing Spring root WebApplicationContext
12/08/2013 04:23:51 PM org.apache.catalina.core.ApplicationContext log
INFO: Closing Spring root WebApplicationContext
12/08/2013 04:24:05 PM org.apache.catalina.core.ApplicationContext log
INFO: Initializing Spring root WebApplicationContext
12/08/2013 06:33:23 PM org.apache.catalina.core.ApplicationContext log
INFO: Initializing Spring root WebApplicationContext
12/08/2013 06:35:11 PM org.apache.catalina.core.ApplicationContext log
INFO: Closing Spring root WebApplicationContext
12/08/2013 06:46:06 PM org.apache.catalina.core.ApplicationContext log
INFO: Initializing Spring root WebApplicationContext
12/08/2013 06:46:09 PM org.apache.catalina.core.StandardContext listenerStart
GRAVE: Excepción enviando evento inicializado de contexto a instancia de escuchador de clase org.springframework.web.context.ContextLoaderListener
org.springframework.beans.factory.BeanCreationException: Error creating bean with name 'filterChainProxy' defined in file [C:\biserver-ce-4.8.0-stable\biserver-ce\pentaho-solutions\system\applicationContext-spring-security.xml]: Invocation of init method failed; nested exception is org.springframework.beans.factory.BeanCreationException: Error creating bean with name 'authenticationProcessingFilter' defined in file [C:\biserver-ce-4.8.0-stable\biserver-ce\pentaho-solutions\system\applicationContext-spring-security.xml]: Cannot resolve reference to bean 'authenticationManager' while setting bean property 'authenticationManager'; nested exception is org.springframework.beans.factory.BeanCreationException: Error creating bean with name 'authenticationManager' defined in file [C:\biserver-ce-4.8.0-stable\biserver-ce\pentaho-solutions\system\applicationContext-spring-security.xml]: Cannot resolve reference to bean 'daoAuthenticationProvider' while setting bean property 'providers' with key [0]; nested exception is org.springframework.beans.factory.BeanCreationException: Error creating bean with name 'daoAuthenticationProvider' defined in file [C:\biserver-ce-4.8.0-stable\biserver-ce\pentaho-solutions\system\applicationContext-spring-security-hibernate.xml]: Cannot resolve reference to bean 'userDetailsService' while setting bean property 'userDetailsService'; nested exception is org.springframework.beans.factory.BeanCreationException: Error creating bean with name 'userDetailsService' defined in file [C:\biserver-ce-4.8.0-stable\biserver-ce\pentaho-solutions\system\applicationContext-spring-security-hibernate.xml]: Cannot resolve reference to bean 'userRoleDao' while setting bean property 'userRoleDao'; nested exception is org.springframework.beans.factory.BeanCreationException: Error creating bean with name 'userRoleDao' defined in file [C:\biserver-ce-4.8.0-stable\biserver-ce\pentaho-solutions\system\applicationContext-spring-security-hibernate.xml]: Invocation of init method failed; nested exception is org.springframework.dao.TransientDataAccessResourceException: Hibernate operation: Cannot open connection; SQL [???]; S1000 General error java.lang.RuntimeException: database alias does not exist; nested exception is java.sql.SQLException: S1000 General error java.lang.RuntimeException: database alias does not exist
	at org.springframework.beans.factory.support.AbstractAutowireCapableBeanFactory.initializeBean(AbstractAutowireCapableBeanFactory.java:1338)
	at org.springframework.beans.factory.support.AbstractAutowireCapableBeanFactory.doCreateBean(AbstractAutowireCapableBeanFactory.java:473)
	at org.springframework.beans.factory.support.AbstractAutowireCapableBeanFactory$1.run(AbstractAutowireCapableBeanFactory.java:409)
	at java.security.AccessController.doPrivileged(Native Method)
	at org.springframework.beans.factory.support.AbstractAutowireCapableBeanFactory.createBean(AbstractAutowireCapableBeanFactory.java:380)
	at org.springframework.beans.factory.support.AbstractBeanFactory$1.getObject(AbstractBeanFactory.java:264)
	at org.springframework.beans.factory.support.DefaultSingletonBeanRegistry.getSingleton(DefaultSingletonBeanRegistry.java:222)
	at org.springframework.beans.factory.support.AbstractBeanFactory.doGetBean(AbstractBeanFactory.java:261)
	at org.springframework.beans.factory.support.AbstractBeanFactory.getBean(AbstractBeanFactory.java:185)
	at org.springframework.beans.factory.support.AbstractBeanFactory.getBean(AbstractBeanFactory.java:164)
	at org.springframework.beans.factory.support.DefaultListableBeanFactory.preInstantiateSingletons(DefaultListableBeanFactory.java:429)
	at org.springframework.context.support.AbstractApplicationContext.finishBeanFactoryInitialization(AbstractApplicationContext.java:728)
	at org.springframework.context.support.AbstractApplicationContext.refresh(AbstractApplicationContext.java:380)
	at org.springframework.web.context.ContextLoader.createWebApplicationContext(ContextLoader.java:255)
	at org.springframework.web.context.ContextLoader.initWebApplicationContext(ContextLoader.java:199)
	at org.springframework.web.context.ContextLoaderListener.contextInitialized(ContextLoaderListener.java:45)
	at org.apache.catalina.core.StandardContext.listenerStart(StandardContext.java:4135)
	at org.apache.catalina.core.StandardContext.start(StandardContext.java:4630)
	at org.apache.catalina.core.ContainerBase.addChildInternal(ContainerBase.java:791)
	at org.apache.catalina.core.ContainerBase.addChild(ContainerBase.java:771)
	at org.apache.catalina.core.StandardHost.addChild(StandardHost.java:546)
	at org.apache.catalina.startup.HostConfig.deployDescriptor(HostConfig.java:637)
	at org.apache.catalina.startup.HostConfig.deployDescriptors(HostConfig.java:563)
	at org.apache.catalina.startup.HostConfig.deployApps(HostConfig.java:498)
	at org.apache.catalina.startup.HostConfig.start(HostConfig.java:1277)
	at org.apache.catalina.startup.HostConfig.lifecycleEvent(HostConfig.java:321)
	at org.apache.catalina.util.LifecycleSupport.fireLifecycleEvent(LifecycleSupport.java:119)
	at org.apache.catalina.core.ContainerBase.start(ContainerBase.java:1053)
	at org.apache.catalina.core.StandardHost.start(StandardHost.java:785)
	at org.apache.catalina.core.ContainerBase.start(ContainerBase.java:1045)
	at org.apache.catalina.core.StandardEngine.start(StandardEngine.java:445)
	at org.apache.catalina.core.StandardService.start(StandardService.java:519)
	at org.apache.catalina.core.StandardServer.start(StandardServer.java:710)
	at org.apache.catalina.startup.Catalina.start(Catalina.java:581)
	at sun.reflect.NativeMethodAccessorImpl.invoke0(Native Method)
	at sun.reflect.NativeMethodAccessorImpl.invoke(Unknown Source)
	at sun.reflect.DelegatingMethodAccessorImpl.invoke(Unknown Source)
	at java.lang.reflect.Method.invoke(Unknown Source)
	at org.apache.catalina.startup.Bootstrap.start(Bootstrap.java:289)
	at org.apache.catalina.startup.Bootstrap.main(Bootstrap.java:414)
Caused by: org.springframework.beans.factory.BeanCreationException: Error creating bean with name 'authenticationProcessingFilter' defined in file [C:\biserver-ce-4.8.0-stable\biserver-ce\pentaho-solutions\system\applicationContext-spring-security.xml]: Cannot resolve reference to bean 'authenticationManager' while setting bean property 'authenticationManager'; nested exception is org.springframework.beans.factory.BeanCreationException: Error creating bean with name 'authenticationManager' defined in file [C:\biserver-ce-4.8.0-stable\biserver-ce\pentaho-solutions\system\applicationContext-spring-security.xml]: Cannot resolve reference to bean 'daoAuthenticationProvider' while setting bean property 'providers' with key [0]; nested exception is org.springframework.beans.factory.BeanCreationException: Error creating bean with name 'daoAuthenticationProvider' defined in file [C:\biserver-ce-4.8.0-stable\biserver-ce\pentaho-solutions\system\applicationContext-spring-security-hibernate.xml]: Cannot resolve reference to bean 'userDetailsService' while setting bean property 'userDetailsService'; nested exception is org.springframework.beans.factory.BeanCreationException: Error creating bean with name 'userDetailsService' defined in file [C:\biserver-ce-4.8.0-stable\biserver-ce\pentaho-solutions\system\applicationContext-spring-security-hibernate.xml]: Cannot resolve reference to bean 'userRoleDao' while setting bean property 'userRoleDao'; nested exception is org.springframework.beans.factory.BeanCreationException: Error creating bean with name 'userRoleDao' defined in file [C:\biserver-ce-4.8.0-stable\biserver-ce\pentaho-solutions\system\applicationContext-spring-security-hibernate.xml]: Invocation of init method failed; nested exception is org.springframework.dao.TransientDataAccessResourceException: Hibernate operation: Cannot open connection; SQL [???]; S1000 General error java.lang.RuntimeException: database alias does not exist; nested exception is java.sql.SQLException: S1000 General error java.lang.RuntimeException: database alias does not exist
	at org.springframework.beans.factory.support.BeanDefinitionValueResolver.resolveReference(BeanDefinitionValueResolver.java:275)
	at org.springframework.beans.factory.support.BeanDefinitionValueResolver.resolveValueIfNecessary(BeanDefinitionValueResolver.java:104)
	at org.springframework.beans.factory.support.AbstractAutowireCapableBeanFactory.applyPropertyValues(AbstractAutowireCapableBeanFactory.java:1245)
	at org.springframework.beans.factory.support.AbstractAutowireCapableBeanFactory.populateBean(AbstractAutowireCapableBeanFactory.java:1010)
	at org.springframework.beans.factory.support.AbstractAutowireCapableBeanFactory.doCreateBean(AbstractAutowireCapableBeanFactory.java:472)
	at org.springframework.beans.factory.support.AbstractAutowireCapableBeanFactory$1.run(AbstractAutowireCapableBeanFactory.java:409)
	at java.security.AccessController.doPrivileged(Native Method)
	at org.springframework.beans.factory.support.AbstractAutowireCapableBeanFactory.createBean(AbstractAutowireCapableBeanFactory.java:380)
	at org.springframework.beans.factory.support.AbstractBeanFactory$1.getObject(AbstractBeanFactory.java:264)
	at org.springframework.beans.factory.support.DefaultSingletonBeanRegistry.getSingleton(DefaultSingletonBeanRegistry.java:222)
	at org.springframework.beans.factory.support.AbstractBeanFactory.doGetBean(AbstractBeanFactory.java:261)
	at org.springframework.beans.factory.support.AbstractBeanFactory.getBean(AbstractBeanFactory.java:185)
	at org.springframework.beans.factory.support.AbstractBeanFactory.getBean(AbstractBeanFactory.java:168)
	at org.springframework.context.support.AbstractApplicationContext.getBean(AbstractApplicationContext.java:884)
	at org.springframework.security.intercept.web.FIDSToFilterChainMapConverter.<init>(FIDSToFilterChainMapConverter.java:54)
	at org.springframework.security.util.FilterChainProxy.afterPropertiesSet(FilterChainProxy.java:119)
	at org.springframework.beans.factory.support.AbstractAutowireCapableBeanFactory.invokeInitMethods(AbstractAutowireCapableBeanFactory.java:1369)
	at org.springframework.beans.factory.support.AbstractAutowireCapableBeanFactory.initializeBean(AbstractAutowireCapableBeanFactory.java:1335)
	... 39 more
Caused by: org.springframework.beans.factory.BeanCreationException: Error creating bean with name 'authenticationManager' defined in file [C:\biserver-ce-4.8.0-stable\biserver-ce\pentaho-solutions\system\applicationContext-spring-security.xml]: Cannot resolve reference to bean 'daoAuthenticationProvider' while setting bean property 'providers' with key [0]; nested exception is org.springframework.beans.factory.BeanCreationException: Error creating bean with name 'daoAuthenticationProvider' defined in file [C:\biserver-ce-4.8.0-stable\biserver-ce\pentaho-solutions\system\applicationContext-spring-security-hibernate.xml]: Cannot resolve reference to bean 'userDetailsService' while setting bean property 'userDetailsService'; nested exception is org.springframework.beans.factory.BeanCreationException: Error creating bean with name 'userDetailsService' defined in file [C:\biserver-ce-4.8.0-stable\biserver-ce\pentaho-solutions\system\applicationContext-spring-security-hibernate.xml]: Cannot resolve reference to bean 'userRoleDao' while setting bean property 'userRoleDao'; nested exception is org.springframework.beans.factory.BeanCreationException: Error creating bean with name 'userRoleDao' defined in file [C:\biserver-ce-4.8.0-stable\biserver-ce\pentaho-solutions\system\applicationContext-spring-security-hibernate.xml]: Invocation of init method failed; nested exception is org.springframework.dao.TransientDataAccessResourceException: Hibernate operation: Cannot open connection; SQL [???]; S1000 General error java.lang.RuntimeException: database alias does not exist; nested exception is java.sql.SQLException: S1000 General error java.lang.RuntimeException: database alias does not exist
	at org.springframework.beans.factory.support.BeanDefinitionValueResolver.resolveReference(BeanDefinitionValueResolver.java:275)
	at org.springframework.beans.factory.support.BeanDefinitionValueResolver.resolveValueIfNecessary(BeanDefinitionValueResolver.java:104)
	at org.springframework.beans.factory.support.BeanDefinitionValueResolver.resolveManagedList(BeanDefinitionValueResolver.java:287)
	at org.springframework.beans.factory.support.BeanDefinitionValueResolver.resolveValueIfNecessary(BeanDefinitionValueResolver.java:126)
	at org.springframework.beans.factory.support.AbstractAutowireCapableBeanFactory.applyPropertyValues(AbstractAutowireCapableBeanFactory.java:1245)
	at org.springframework.beans.factory.support.AbstractAutowireCapableBeanFactory.populateBean(AbstractAutowireCapableBeanFactory.java:1010)
	at org.springframework.beans.factory.support.AbstractAutowireCapableBeanFactory.doCreateBean(AbstractAutowireCapableBeanFactory.java:472)
	at org.springframework.beans.factory.support.AbstractAutowireCapableBeanFactory$1.run(AbstractAutowireCapableBeanFactory.java:409)
	at java.security.AccessController.doPrivileged(Native Method)
	at org.springframework.beans.factory.support.AbstractAutowireCapableBeanFactory.createBean(AbstractAutowireCapableBeanFactory.java:380)
	at org.springframework.beans.factory.support.AbstractBeanFactory$1.getObject(AbstractBeanFactory.java:264)
	at org.springframework.beans.factory.support.DefaultSingletonBeanRegistry.getSingleton(DefaultSingletonBeanRegistry.java:222)
	at org.springframework.beans.factory.support.AbstractBeanFactory.doGetBean(AbstractBeanFactory.java:261)
	at org.springframework.beans.factory.support.AbstractBeanFactory.getBean(AbstractBeanFactory.java:185)
	at org.springframework.beans.factory.support.AbstractBeanFactory.getBean(AbstractBeanFactory.java:164)
	at org.springframework.beans.factory.support.BeanDefinitionValueResolver.resolveReference(BeanDefinitionValueResolver.java:269)
	... 56 more
Caused by: org.springframework.beans.factory.BeanCreationException: Error creating bean with name 'daoAuthenticationProvider' defined in file [C:\biserver-ce-4.8.0-stable\biserver-ce\pentaho-solutions\system\applicationContext-spring-security-hibernate.xml]: Cannot resolve reference to bean 'userDetailsService' while setting bean property 'userDetailsService'; nested exception is org.springframework.beans.factory.BeanCreationException: Error creating bean with name 'userDetailsService' defined in file [C:\biserver-ce-4.8.0-stable\biserver-ce\pentaho-solutions\system\applicationContext-spring-security-hibernate.xml]: Cannot resolve reference to bean 'userRoleDao' while setting bean property 'userRoleDao'; nested exception is org.springframework.beans.factory.BeanCreationException: Error creating bean with name 'userRoleDao' defined in file [C:\biserver-ce-4.8.0-stable\biserver-ce\pentaho-solutions\system\applicationContext-spring-security-hibernate.xml]: Invocation of init method failed; nested exception is org.springframework.dao.TransientDataAccessResourceException: Hibernate operation: Cannot open connection; SQL [???]; S1000 General error java.lang.RuntimeException: database alias does not exist; nested exception is java.sql.SQLException: S1000 General error java.lang.RuntimeException: database alias does not exist
	at org.springframework.beans.factory.support.BeanDefinitionValueResolver.resolveReference(BeanDefinitionValueResolver.java:275)
	at org.springframework.beans.factory.support.BeanDefinitionValueResolver.resolveValueIfNecessary(BeanDefinitionValueResolver.java:104)
	at org.springframework.beans.factory.support.AbstractAutowireCapableBeanFactory.applyPropertyValues(AbstractAutowireCapableBeanFactory.java:1245)
	at org.springframework.beans.factory.support.AbstractAutowireCapableBeanFactory.populateBean(AbstractAutowireCapableBeanFactory.java:1010)
	at org.springframework.beans.factory.support.AbstractAutowireCapableBeanFactory.doCreateBean(AbstractAutowireCapableBeanFactory.java:472)
	at org.springframework.beans.factory.support.AbstractAutowireCapableBeanFactory$1.run(AbstractAutowireCapableBeanFactory.java:409)
	at java.security.AccessController.doPrivileged(Native Method)
	at org.springframework.beans.factory.support.AbstractAutowireCapableBeanFactory.createBean(AbstractAutowireCapableBeanFactory.java:380)
	at org.springframework.beans.factory.support.AbstractBeanFactory$1.getObject(AbstractBeanFactory.java:264)
	at org.springframework.beans.factory.support.DefaultSingletonBeanRegistry.getSingleton(DefaultSingletonBeanRegistry.java:222)
	at org.springframework.beans.factory.support.AbstractBeanFactory.doGetBean(AbstractBeanFactory.java:261)
	at org.springframework.beans.factory.support.AbstractBeanFactory.getBean(AbstractBeanFactory.java:185)
	at org.springframework.beans.factory.support.AbstractBeanFactory.getBean(AbstractBeanFactory.java:164)
	at org.springframework.beans.factory.support.BeanDefinitionValueResolver.resolveReference(BeanDefinitionValueResolver.java:269)
	... 71 more
Caused by: org.springframework.beans.factory.BeanCreationException: Error creating bean with name 'userDetailsService' defined in file [C:\biserver-ce-4.8.0-stable\biserver-ce\pentaho-solutions\system\applicationContext-spring-security-hibernate.xml]: Cannot resolve reference to bean 'userRoleDao' while setting bean property 'userRoleDao'; nested exception is org.springframework.beans.factory.BeanCreationException: Error creating bean with name 'userRoleDao' defined in file [C:\biserver-ce-4.8.0-stable\biserver-ce\pentaho-solutions\system\applicationContext-spring-security-hibernate.xml]: Invocation of init method failed; nested exception is org.springframework.dao.TransientDataAccessResourceException: Hibernate operation: Cannot open connection; SQL [???]; S1000 General error java.lang.RuntimeException: database alias does not exist; nested exception is java.sql.SQLException: S1000 General error java.lang.RuntimeException: database alias does not exist
	at org.springframework.beans.factory.support.BeanDefinitionValueResolver.resolveReference(BeanDefinitionValueResolver.java:275)
	at org.springframework.beans.factory.support.BeanDefinitionValueResolver.resolveValueIfNecessary(BeanDefinitionValueResolver.java:104)
	at org.springframework.beans.factory.support.AbstractAutowireCapableBeanFactory.applyPropertyValues(AbstractAutowireCapableBeanFactory.java:1245)
	at org.springframework.beans.factory.support.AbstractAutowireCapableBeanFactory.populateBean(AbstractAutowireCapableBeanFactory.java:1010)
	at org.springframework.beans.factory.support.AbstractAutowireCapableBeanFactory.doCreateBean(AbstractAutowireCapableBeanFactory.java:472)
	at org.springframework.beans.factory.support.AbstractAutowireCapableBeanFactory$1.run(AbstractAutowireCapableBeanFactory.java:409)
	at java.security.AccessController.doPrivileged(Native Method)
	at org.springframework.beans.factory.support.AbstractAutowireCapableBeanFactory.createBean(AbstractAutowireCapableBeanFactory.java:380)
	at org.springframework.beans.factory.support.AbstractBeanFactory$1.getObject(AbstractBeanFactory.java:264)
	at org.springframework.beans.factory.support.DefaultSingletonBeanRegistry.getSingleton(DefaultSingletonBeanRegistry.java:222)
	at org.springframework.beans.factory.support.AbstractBeanFactory.doGetBean(AbstractBeanFactory.java:261)
	at org.springframework.beans.factory.support.AbstractBeanFactory.getBean(AbstractBeanFactory.java:185)
	at org.springframework.beans.factory.support.AbstractBeanFactory.getBean(AbstractBeanFactory.java:164)
	at org.springframework.beans.factory.support.BeanDefinitionValueResolver.resolveReference(BeanDefinitionValueResolver.java:269)
	... 84 more
Caused by: org.springframework.beans.factory.BeanCreationException: Error creating bean with name 'userRoleDao' defined in file [C:\biserver-ce-4.8.0-stable\biserver-ce\pentaho-solutions\system\applicationContext-spring-security-hibernate.xml]: Invocation of init method failed; nested exception is org.springframework.dao.TransientDataAccessResourceException: Hibernate operation: Cannot open connection; SQL [???]; S1000 General error java.lang.RuntimeException: database alias does not exist; nested exception is java.sql.SQLException: S1000 General error java.lang.RuntimeException: database alias does not exist
	at org.springframework.beans.factory.support.AbstractAutowireCapableBeanFactory.initializeBean(AbstractAutowireCapableBeanFactory.java:1338)
	at org.springframework.beans.factory.support.AbstractAutowireCapableBeanFactory.doCreateBean(AbstractAutowireCapableBeanFactory.java:473)
	at org.springframework.beans.factory.support.AbstractAutowireCapableBeanFactory$1.run(AbstractAutowireCapableBeanFactory.java:409)
	at java.security.AccessController.doPrivileged(Native Method)
	at org.springframework.beans.factory.support.AbstractAutowireCapableBeanFactory.createBean(AbstractAutowireCapableBeanFactory.java:380)
	at org.springframework.beans.factory.support.AbstractBeanFactory$1.getObject(AbstractBeanFactory.java:264)
	at org.springframework.beans.factory.support.DefaultSingletonBeanRegistry.getSingleton(DefaultSingletonBeanRegistry.java:222)
	at org.springframework.beans.factory.support.AbstractBeanFactory.doGetBean(AbstractBeanFactory.java:261)
	at org.springframework.beans.factory.support.AbstractBeanFactory.getBean(AbstractBeanFactory.java:185)
	at org.springframework.beans.factory.support.AbstractBeanFactory.getBean(AbstractBeanFactory.java:164)
	at org.springframework.beans.factory.support.BeanDefinitionValueResolver.resolveReference(BeanDefinitionValueResolver.java:269)
	... 97 more
Caused by: org.springframework.dao.TransientDataAccessResourceException: Hibernate operation: Cannot open connection; SQL [???]; S1000 General error java.lang.RuntimeException: database alias does not exist; nested exception is java.sql.SQLException: S1000 General error java.lang.RuntimeException: database alias does not exist
	at org.springframework.jdbc.support.SQLStateSQLExceptionTranslator.doTranslate(SQLStateSQLExceptionTranslator.java:106)
	at org.springframework.jdbc.support.AbstractFallbackSQLExceptionTranslator.translate(AbstractFallbackSQLExceptionTranslator.java:72)
	at org.springframework.jdbc.support.AbstractFallbackSQLExceptionTranslator.translate(AbstractFallbackSQLExceptionTranslator.java:80)
	at org.springframework.jdbc.support.AbstractFallbackSQLExceptionTranslator.translate(AbstractFallbackSQLExceptionTranslator.java:80)
	at org.springframework.orm.hibernate3.HibernateAccessor.convertJdbcAccessException(HibernateAccessor.java:424)
	at org.springframework.orm.hibernate3.HibernateAccessor.convertHibernateAccessException(HibernateAccessor.java:410)
	at org.springframework.orm.hibernate3.HibernateTemplate.doExecute(HibernateTemplate.java:424)
	at org.springframework.orm.hibernate3.HibernateTemplate.execute(HibernateTemplate.java:339)
	at org.pentaho.platform.engine.security.userroledao.hibernate.sample.SampleUsersAndRolesInitHandler.hasUsers(SampleUsersAndRolesInitHandler.java:116)
	at org.pentaho.platform.engine.security.userroledao.hibernate.sample.SampleUsersAndRolesInitHandler.handleInit(SampleUsersAndRolesInitHandler.java:62)
	at org.pentaho.platform.engine.security.userroledao.hibernate.HibernateUserRoleDao.init(HibernateUserRoleDao.java:79)
	at sun.reflect.NativeMethodAccessorImpl.invoke0(Native Method)
	at sun.reflect.NativeMethodAccessorImpl.invoke(Unknown Source)
	at sun.reflect.DelegatingMethodAccessorImpl.invoke(Unknown Source)
	at java.lang.reflect.Method.invoke(Unknown Source)
	at org.springframework.beans.factory.support.AbstractAutowireCapableBeanFactory.invokeCustomInitMethod(AbstractAutowireCapableBeanFactory.java:1414)
	at org.springframework.beans.factory.support.AbstractAutowireCapableBeanFactory.invokeInitMethods(AbstractAutowireCapableBeanFactory.java:1375)
	at org.springframework.beans.factory.support.AbstractAutowireCapableBeanFactory.initializeBean(AbstractAutowireCapableBeanFactory.java:1335)
	... 107 more
Caused by: java.sql.SQLException: S1000 General error java.lang.RuntimeException: database alias does not exist
	at org.hsqldb.jdbc.Util.sqlException(Unknown Source)
	at org.hsqldb.jdbc.jdbcConnection.<init>(Unknown Source)
	at org.hsqldb.jdbcDriver.getConnection(Unknown Source)
	at org.hsqldb.jdbcDriver.connect(Unknown Source)
	at java.sql.DriverManager.getConnection(Unknown Source)
	at java.sql.DriverManager.getConnection(Unknown Source)
	at org.springframework.jdbc.datasource.DriverManagerDataSource.getConnectionFromDriverManager(DriverManagerDataSource.java:174)
	at org.springframework.jdbc.datasource.DriverManagerDataSource.getConnectionFromDriver(DriverManagerDataSource.java:165)
	at org.springframework.jdbc.datasource.AbstractDriverBasedDataSource.getConnectionFromDriver(AbstractDriverBasedDataSource.java:149)
	at org.springframework.jdbc.datasource.AbstractDriverBasedDataSource.getConnection(AbstractDriverBasedDataSource.java:119)
	at org.springframework.orm.hibernate3.LocalDataSourceConnectionProvider.getConnection(LocalDataSourceConnectionProvider.java:82)
	at org.hibernate.jdbc.ConnectionManager.openConnection(ConnectionManager.java:423)
	at org.hibernate.jdbc.ConnectionManager.getConnection(ConnectionManager.java:144)
	at org.hibernate.jdbc.AbstractBatcher.prepareQueryStatement(AbstractBatcher.java:139)
	at org.hibernate.loader.Loader.prepareQueryStatement(Loader.java:1547)
	at org.hibernate.loader.hql.QueryLoader.iterate(QueryLoader.java:399)
	at org.hibernate.hql.ast.QueryTranslatorImpl.iterate(QueryTranslatorImpl.java:380)
	at org.hibernate.engine.query.HQLQueryPlan.performIterate(HQLQueryPlan.java:224)
	at org.hibernate.impl.SessionImpl.iterate(SessionImpl.java:1192)
	at org.hibernate.impl.QueryImpl.iterate(QueryImpl.java:46)
	at org.pentaho.platform.engine.security.userroledao.hibernate.sample.SampleUsersAndRolesInitHandler$1.doInHibernate(SampleUsersAndRolesInitHandler.java:120)
	at org.springframework.orm.hibernate3.HibernateTemplate.doExecute(HibernateTemplate.java:419)
	... 118 more
12/08/2013 06:46:09 PM org.apache.catalina.core.StandardContext listenerStart
GRAVE: Excepción enviando evento inicializado de contexto a instancia de escuchador de clase org.pentaho.platform.web.http.context.SolutionContextListener
org.springframework.beans.factory.BeanCreationException: Error creating bean with name 'filterChainProxy' defined in file [C:\biserver-ce-4.8.0-stable\biserver-ce\pentaho-solutions\system\applicationContext-spring-security.xml]: Invocation of init method failed; nested exception is org.springframework.beans.factory.BeanCreationException: Error creating bean with name 'authenticationProcessingFilter' defined in file [C:\biserver-ce-4.8.0-stable\biserver-ce\pentaho-solutions\system\applicationContext-spring-security.xml]: Cannot resolve reference to bean 'authenticationManager' while setting bean property 'authenticationManager'; nested exception is org.springframework.beans.factory.BeanCreationException: Error creating bean with name 'authenticationManager' defined in file [C:\biserver-ce-4.8.0-stable\biserver-ce\pentaho-solutions\system\applicationContext-spring-security.xml]: Cannot resolve reference to bean 'daoAuthenticationProvider' while setting bean property 'providers' with key [0]; nested exception is org.springframework.beans.factory.BeanCreationException: Error creating bean with name 'daoAuthenticationProvider' defined in file [C:\biserver-ce-4.8.0-stable\biserver-ce\pentaho-solutions\system\applicationContext-spring-security-hibernate.xml]: Cannot resolve reference to bean 'userDetailsService' while setting bean property 'userDetailsService'; nested exception is org.springframework.beans.factory.BeanCreationException: Error creating bean with name 'userDetailsService' defined in file [C:\biserver-ce-4.8.0-stable\biserver-ce\pentaho-solutions\system\applicationContext-spring-security-hibernate.xml]: Cannot resolve reference to bean 'userRoleDao' while setting bean property 'userRoleDao'; nested exception is org.springframework.beans.factory.BeanCreationException: Error creating bean with name 'userRoleDao' defined in file [C:\biserver-ce-4.8.0-stable\biserver-ce\pentaho-solutions\system\applicationContext-spring-security-hibernate.xml]: Invocation of init method failed; nested exception is org.springframework.dao.TransientDataAccessResourceException: Hibernate operation: Cannot open connection; SQL [???]; S1000 General error java.lang.RuntimeException: database alias does not exist; nested exception is java.sql.SQLException: S1000 General error java.lang.RuntimeException: database alias does not exist
	at org.springframework.beans.factory.support.AbstractAutowireCapableBeanFactory.initializeBean(AbstractAutowireCapableBeanFactory.java:1338)
	at org.springframework.beans.factory.support.AbstractAutowireCapableBeanFactory.doCreateBean(AbstractAutowireCapableBeanFactory.java:473)
	at org.springframework.beans.factory.support.AbstractAutowireCapableBeanFactory$1.run(AbstractAutowireCapableBeanFactory.java:409)
	at java.security.AccessController.doPrivileged(Native Method)
	at org.springframework.beans.factory.support.AbstractAutowireCapableBeanFactory.createBean(AbstractAutowireCapableBeanFactory.java:380)
	at org.springframework.beans.factory.support.AbstractBeanFactory$1.getObject(AbstractBeanFactory.java:264)
	at org.springframework.beans.factory.support.DefaultSingletonBeanRegistry.getSingleton(DefaultSingletonBeanRegistry.java:222)
	at org.springframework.beans.factory.support.AbstractBeanFactory.doGetBean(AbstractBeanFactory.java:261)
	at org.springframework.beans.factory.support.AbstractBeanFactory.getBean(AbstractBeanFactory.java:185)
	at org.springframework.beans.factory.support.AbstractBeanFactory.getBean(AbstractBeanFactory.java:164)
	at org.springframework.beans.factory.support.DefaultListableBeanFactory.preInstantiateSingletons(DefaultListableBeanFactory.java:429)
	at org.springframework.context.support.AbstractApplicationContext.finishBeanFactoryInitialization(AbstractApplicationContext.java:728)
	at org.springframework.context.support.AbstractApplicationContext.refresh(AbstractApplicationContext.java:380)
	at org.springframework.web.context.ContextLoader.createWebApplicationContext(ContextLoader.java:255)
	at org.springframework.web.context.ContextLoader.initWebApplicationContext(ContextLoader.java:199)
	at org.springframework.web.context.ContextLoaderListener.contextInitialized(ContextLoaderListener.java:45)
	at org.apache.catalina.core.StandardContext.listenerStart(StandardContext.java:4135)
	at org.apache.catalina.core.StandardContext.start(StandardContext.java:4630)
	at org.apache.catalina.core.ContainerBase.addChildInternal(ContainerBase.java:791)
	at org.apache.catalina.core.ContainerBase.addChild(ContainerBase.java:771)
	at org.apache.catalina.core.StandardHost.addChild(StandardHost.java:546)
	at org.apache.catalina.startup.HostConfig.deployDescriptor(HostConfig.java:637)
	at org.apache.catalina.startup.HostConfig.deployDescriptors(HostConfig.java:563)
	at org.apache.catalina.startup.HostConfig.deployApps(HostConfig.java:498)
	at org.apache.catalina.startup.HostConfig.start(HostConfig.java:1277)
	at org.apache.catalina.startup.HostConfig.lifecycleEvent(HostConfig.java:321)
	at org.apache.catalina.util.LifecycleSupport.fireLifecycleEvent(LifecycleSupport.java:119)
	at org.apache.catalina.core.ContainerBase.start(ContainerBase.java:1053)
	at org.apache.catalina.core.StandardHost.start(StandardHost.java:785)
	at org.apache.catalina.core.ContainerBase.start(ContainerBase.java:1045)
	at org.apache.catalina.core.StandardEngine.start(StandardEngine.java:445)
	at org.apache.catalina.core.StandardService.start(StandardService.java:519)
	at org.apache.catalina.core.StandardServer.start(StandardServer.java:710)
	at org.apache.catalina.startup.Catalina.start(Catalina.java:581)
	at sun.reflect.NativeMethodAccessorImpl.invoke0(Native Method)
	at sun.reflect.NativeMethodAccessorImpl.invoke(Unknown Source)
	at sun.reflect.DelegatingMethodAccessorImpl.invoke(Unknown Source)
	at java.lang.reflect.Method.invoke(Unknown Source)
	at org.apache.catalina.startup.Bootstrap.start(Bootstrap.java:289)
	at org.apache.catalina.startup.Bootstrap.main(Bootstrap.java:414)
Caused by: org.springframework.beans.factory.BeanCreationException: Error creating bean with name 'authenticationProcessingFilter' defined in file [C:\biserver-ce-4.8.0-stable\biserver-ce\pentaho-solutions\system\applicationContext-spring-security.xml]: Cannot resolve reference to bean 'authenticationManager' while setting bean property 'authenticationManager'; nested exception is org.springframework.beans.factory.BeanCreationException: Error creating bean with name 'authenticationManager' defined in file [C:\biserver-ce-4.8.0-stable\biserver-ce\pentaho-solutions\system\applicationContext-spring-security.xml]: Cannot resolve reference to bean 'daoAuthenticationProvider' while setting bean property 'providers' with key [0]; nested exception is org.springframework.beans.factory.BeanCreationException: Error creating bean with name 'daoAuthenticationProvider' defined in file [C:\biserver-ce-4.8.0-stable\biserver-ce\pentaho-solutions\system\applicationContext-spring-security-hibernate.xml]: Cannot resolve reference to bean 'userDetailsService' while setting bean property 'userDetailsService'; nested exception is org.springframework.beans.factory.BeanCreationException: Error creating bean with name 'userDetailsService' defined in file [C:\biserver-ce-4.8.0-stable\biserver-ce\pentaho-solutions\system\applicationContext-spring-security-hibernate.xml]: Cannot resolve reference to bean 'userRoleDao' while setting bean property 'userRoleDao'; nested exception is org.springframework.beans.factory.BeanCreationException: Error creating bean with name 'userRoleDao' defined in file [C:\biserver-ce-4.8.0-stable\biserver-ce\pentaho-solutions\system\applicationContext-spring-security-hibernate.xml]: Invocation of init method failed; nested exception is org.springframework.dao.TransientDataAccessResourceException: Hibernate operation: Cannot open connection; SQL [???]; S1000 General error java.lang.RuntimeException: database alias does not exist; nested exception is java.sql.SQLException: S1000 General error java.lang.RuntimeException: database alias does not exist
	at org.springframework.beans.factory.support.BeanDefinitionValueResolver.resolveReference(BeanDefinitionValueResolver.java:275)
	at org.springframework.beans.factory.support.BeanDefinitionValueResolver.resolveValueIfNecessary(BeanDefinitionValueResolver.java:104)
	at org.springframework.beans.factory.support.AbstractAutowireCapableBeanFactory.applyPropertyValues(AbstractAutowireCapableBeanFactory.java:1245)
	at org.springframework.beans.factory.support.AbstractAutowireCapableBeanFactory.populateBean(AbstractAutowireCapableBeanFactory.java:1010)
	at org.springframework.beans.factory.support.AbstractAutowireCapableBeanFactory.doCreateBean(AbstractAutowireCapableBeanFactory.java:472)
	at org.springframework.beans.factory.support.AbstractAutowireCapableBeanFactory$1.run(AbstractAutowireCapableBeanFactory.java:409)
	at java.security.AccessController.doPrivileged(Native Method)
	at org.springframework.beans.factory.support.AbstractAutowireCapableBeanFactory.createBean(AbstractAutowireCapableBeanFactory.java:380)
	at org.springframework.beans.factory.support.AbstractBeanFactory$1.getObject(AbstractBeanFactory.java:264)
	at org.springframework.beans.factory.support.DefaultSingletonBeanRegistry.getSingleton(DefaultSingletonBeanRegistry.java:222)
	at org.springframework.beans.factory.support.AbstractBeanFactory.doGetBean(AbstractBeanFactory.java:261)
	at org.springframework.beans.factory.support.AbstractBeanFactory.getBean(AbstractBeanFactory.java:185)
	at org.springframework.beans.factory.support.AbstractBeanFactory.getBean(AbstractBeanFactory.java:168)
	at org.springframework.context.support.AbstractApplicationContext.getBean(AbstractApplicationContext.java:884)
	at org.springframework.security.intercept.web.FIDSToFilterChainMapConverter.<init>(FIDSToFilterChainMapConverter.java:54)
	at org.springframework.security.util.FilterChainProxy.afterPropertiesSet(FilterChainProxy.java:119)
	at org.springframework.beans.factory.support.AbstractAutowireCapableBeanFactory.invokeInitMethods(AbstractAutowireCapableBeanFactory.java:1369)
	at org.springframework.beans.factory.support.AbstractAutowireCapableBeanFactory.initializeBean(AbstractAutowireCapableBeanFactory.java:1335)
	... 39 more
Caused by: org.springframework.beans.factory.BeanCreationException: Error creating bean with name 'authenticationManager' defined in file [C:\biserver-ce-4.8.0-stable\biserver-ce\pentaho-solutions\system\applicationContext-spring-security.xml]: Cannot resolve reference to bean 'daoAuthenticationProvider' while setting bean property 'providers' with key [0]; nested exception is org.springframework.beans.factory.BeanCreationException: Error creating bean with name 'daoAuthenticationProvider' defined in file [C:\biserver-ce-4.8.0-stable\biserver-ce\pentaho-solutions\system\applicationContext-spring-security-hibernate.xml]: Cannot resolve reference to bean 'userDetailsService' while setting bean property 'userDetailsService'; nested exception is org.springframework.beans.factory.BeanCreationException: Error creating bean with name 'userDetailsService' defined in file [C:\biserver-ce-4.8.0-stable\biserver-ce\pentaho-solutions\system\applicationContext-spring-security-hibernate.xml]: Cannot resolve reference to bean 'userRoleDao' while setting bean property 'userRoleDao'; nested exception is org.springframework.beans.factory.BeanCreationException: Error creating bean with name 'userRoleDao' defined in file [C:\biserver-ce-4.8.0-stable\biserver-ce\pentaho-solutions\system\applicationContext-spring-security-hibernate.xml]: Invocation of init method failed; nested exception is org.springframework.dao.TransientDataAccessResourceException: Hibernate operation: Cannot open connection; SQL [???]; S1000 General error java.lang.RuntimeException: database alias does not exist; nested exception is java.sql.SQLException: S1000 General error java.lang.RuntimeException: database alias does not exist
	at org.springframework.beans.factory.support.BeanDefinitionValueResolver.resolveReference(BeanDefinitionValueResolver.java:275)
	at org.springframework.beans.factory.support.BeanDefinitionValueResolver.resolveValueIfNecessary(BeanDefinitionValueResolver.java:104)
	at org.springframework.beans.factory.support.BeanDefinitionValueResolver.resolveManagedList(BeanDefinitionValueResolver.java:287)
	at org.springframework.beans.factory.support.BeanDefinitionValueResolver.resolveValueIfNecessary(BeanDefinitionValueResolver.java:126)
	at org.springframework.beans.factory.support.AbstractAutowireCapableBeanFactory.applyPropertyValues(AbstractAutowireCapableBeanFactory.java:1245)
	at org.springframework.beans.factory.support.AbstractAutowireCapableBeanFactory.populateBean(AbstractAutowireCapableBeanFactory.java:1010)
	at org.springframework.beans.factory.support.AbstractAutowireCapableBeanFactory.doCreateBean(AbstractAutowireCapableBeanFactory.java:472)
	at org.springframework.beans.factory.support.AbstractAutowireCapableBeanFactory$1.run(AbstractAutowireCapableBeanFactory.java:409)
	at java.security.AccessController.doPrivileged(Native Method)
	at org.springframework.beans.factory.support.AbstractAutowireCapableBeanFactory.createBean(AbstractAutowireCapableBeanFactory.java:380)
	at org.springframework.beans.factory.support.AbstractBeanFactory$1.getObject(AbstractBeanFactory.java:264)
	at org.springframework.beans.factory.support.DefaultSingletonBeanRegistry.getSingleton(DefaultSingletonBeanRegistry.java:222)
	at org.springframework.beans.factory.support.AbstractBeanFactory.doGetBean(AbstractBeanFactory.java:261)
	at org.springframework.beans.factory.support.AbstractBeanFactory.getBean(AbstractBeanFactory.java:185)
	at org.springframework.beans.factory.support.AbstractBeanFactory.getBean(AbstractBeanFactory.java:164)
	at org.springframework.beans.factory.support.BeanDefinitionValueResolver.resolveReference(BeanDefinitionValueResolver.java:269)
	... 56 more
Caused by: org.springframework.beans.factory.BeanCreationException: Error creating bean with name 'daoAuthenticationProvider' defined in file [C:\biserver-ce-4.8.0-stable\biserver-ce\pentaho-solutions\system\applicationContext-spring-security-hibernate.xml]: Cannot resolve reference to bean 'userDetailsService' while setting bean property 'userDetailsService'; nested exception is org.springframework.beans.factory.BeanCreationException: Error creating bean with name 'userDetailsService' defined in file [C:\biserver-ce-4.8.0-stable\biserver-ce\pentaho-solutions\system\applicationContext-spring-security-hibernate.xml]: Cannot resolve reference to bean 'userRoleDao' while setting bean property 'userRoleDao'; nested exception is org.springframework.beans.factory.BeanCreationException: Error creating bean with name 'userRoleDao' defined in file [C:\biserver-ce-4.8.0-stable\biserver-ce\pentaho-solutions\system\applicationContext-spring-security-hibernate.xml]: Invocation of init method failed; nested exception is org.springframework.dao.TransientDataAccessResourceException: Hibernate operation: Cannot open connection; SQL [???]; S1000 General error java.lang.RuntimeException: database alias does not exist; nested exception is java.sql.SQLException: S1000 General error java.lang.RuntimeException: database alias does not exist
	at org.springframework.beans.factory.support.BeanDefinitionValueResolver.resolveReference(BeanDefinitionValueResolver.java:275)
	at org.springframework.beans.factory.support.BeanDefinitionValueResolver.resolveValueIfNecessary(BeanDefinitionValueResolver.java:104)
	at org.springframework.beans.factory.support.AbstractAutowireCapableBeanFactory.applyPropertyValues(AbstractAutowireCapableBeanFactory.java:1245)
	at org.springframework.beans.factory.support.AbstractAutowireCapableBeanFactory.populateBean(AbstractAutowireCapableBeanFactory.java:1010)
	at org.springframework.beans.factory.support.AbstractAutowireCapableBeanFactory.doCreateBean(AbstractAutowireCapableBeanFactory.java:472)
	at org.springframework.beans.factory.support.AbstractAutowireCapableBeanFactory$1.run(AbstractAutowireCapableBeanFactory.java:409)
	at java.security.AccessController.doPrivileged(Native Method)
	at org.springframework.beans.factory.support.AbstractAutowireCapableBeanFactory.createBean(AbstractAutowireCapableBeanFactory.java:380)
	at org.springframework.beans.factory.support.AbstractBeanFactory$1.getObject(AbstractBeanFactory.java:264)
	at org.springframework.beans.factory.support.DefaultSingletonBeanRegistry.getSingleton(DefaultSingletonBeanRegistry.java:222)
	at org.springframework.beans.factory.support.AbstractBeanFactory.doGetBean(AbstractBeanFactory.java:261)
	at org.springframework.beans.factory.support.AbstractBeanFactory.getBean(AbstractBeanFactory.java:185)
	at org.springframework.beans.factory.support.AbstractBeanFactory.getBean(AbstractBeanFactory.java:164)
	at org.springframework.beans.factory.support.BeanDefinitionValueResolver.resolveReference(BeanDefinitionValueResolver.java:269)
	... 71 more
Caused by: org.springframework.beans.factory.BeanCreationException: Error creating bean with name 'userDetailsService' defined in file [C:\biserver-ce-4.8.0-stable\biserver-ce\pentaho-solutions\system\applicationContext-spring-security-hibernate.xml]: Cannot resolve reference to bean 'userRoleDao' while setting bean property 'userRoleDao'; nested exception is org.springframework.beans.factory.BeanCreationException: Error creating bean with name 'userRoleDao' defined in file [C:\biserver-ce-4.8.0-stable\biserver-ce\pentaho-solutions\system\applicationContext-spring-security-hibernate.xml]: Invocation of init method failed; nested exception is org.springframework.dao.TransientDataAccessResourceException: Hibernate operation: Cannot open connection; SQL [???]; S1000 General error java.lang.RuntimeException: database alias does not exist; nested exception is java.sql.SQLException: S1000 General error java.lang.RuntimeException: database alias does not exist
	at org.springframework.beans.factory.support.BeanDefinitionValueResolver.resolveReference(BeanDefinitionValueResolver.java:275)
	at org.springframework.beans.factory.support.BeanDefinitionValueResolver.resolveValueIfNecessary(BeanDefinitionValueResolver.java:104)
	at org.springframework.beans.factory.support.AbstractAutowireCapableBeanFactory.applyPropertyValues(AbstractAutowireCapableBeanFactory.java:1245)
	at org.springframework.beans.factory.support.AbstractAutowireCapableBeanFactory.populateBean(AbstractAutowireCapableBeanFactory.java:1010)
	at org.springframework.beans.factory.support.AbstractAutowireCapableBeanFactory.doCreateBean(AbstractAutowireCapableBeanFactory.java:472)
	at org.springframework.beans.factory.support.AbstractAutowireCapableBeanFactory$1.run(AbstractAutowireCapableBeanFactory.java:409)
	at java.security.AccessController.doPrivileged(Native Method)
	at org.springframework.beans.factory.support.AbstractAutowireCapableBeanFactory.createBean(AbstractAutowireCapableBeanFactory.java:380)
	at org.springframework.beans.factory.support.AbstractBeanFactory$1.getObject(AbstractBeanFactory.java:264)
	at org.springframework.beans.factory.support.DefaultSingletonBeanRegistry.getSingleton(DefaultSingletonBeanRegistry.java:222)
	at org.springframework.beans.factory.support.AbstractBeanFactory.doGetBean(AbstractBeanFactory.java:261)
	at org.springframework.beans.factory.support.AbstractBeanFactory.getBean(AbstractBeanFactory.java:185)
	at org.springframework.beans.factory.support.AbstractBeanFactory.getBean(AbstractBeanFactory.java:164)
	at org.springframework.beans.factory.support.BeanDefinitionValueResolver.resolveReference(BeanDefinitionValueResolver.java:269)
	... 84 more
Caused by: org.springframework.beans.factory.BeanCreationException: Error creating bean with name 'userRoleDao' defined in file [C:\biserver-ce-4.8.0-stable\biserver-ce\pentaho-solutions\system\applicationContext-spring-security-hibernate.xml]: Invocation of init method failed; nested exception is org.springframework.dao.TransientDataAccessResourceException: Hibernate operation: Cannot open connection; SQL [???]; S1000 General error java.lang.RuntimeException: database alias does not exist; nested exception is java.sql.SQLException: S1000 General error java.lang.RuntimeException: database alias does not exist
	at org.springframework.beans.factory.support.AbstractAutowireCapableBeanFactory.initializeBean(AbstractAutowireCapableBeanFactory.java:1338)
	at org.springframework.beans.factory.support.AbstractAutowireCapableBeanFactory.doCreateBean(AbstractAutowireCapableBeanFactory.java:473)
	at org.springframework.beans.factory.support.AbstractAutowireCapableBeanFactory$1.run(AbstractAutowireCapableBeanFactory.java:409)
	at java.security.AccessController.doPrivileged(Native Method)
	at org.springframework.beans.factory.support.AbstractAutowireCapableBeanFactory.createBean(AbstractAutowireCapableBeanFactory.java:380)
	at org.springframework.beans.factory.support.AbstractBeanFactory$1.getObject(AbstractBeanFactory.java:264)
	at org.springframework.beans.factory.support.DefaultSingletonBeanRegistry.getSingleton(DefaultSingletonBeanRegistry.java:222)
	at org.springframework.beans.factory.support.AbstractBeanFactory.doGetBean(AbstractBeanFactory.java:261)
	at org.springframework.beans.factory.support.AbstractBeanFactory.getBean(AbstractBeanFactory.java:185)
	at org.springframework.beans.factory.support.AbstractBeanFactory.getBean(AbstractBeanFactory.java:164)
	at org.springframework.beans.factory.support.BeanDefinitionValueResolver.resolveReference(BeanDefinitionValueResolver.java:269)
	... 97 more
Caused by: org.springframework.dao.TransientDataAccessResourceException: Hibernate operation: Cannot open connection; SQL [???]; S1000 General error java.lang.RuntimeException: database alias does not exist; nested exception is java.sql.SQLException: S1000 General error java.lang.RuntimeException: database alias does not exist
	at org.springframework.jdbc.support.SQLStateSQLExceptionTranslator.doTranslate(SQLStateSQLExceptionTranslator.java:106)
	at org.springframework.jdbc.support.AbstractFallbackSQLExceptionTranslator.translate(AbstractFallbackSQLExceptionTranslator.java:72)
	at org.springframework.jdbc.support.AbstractFallbackSQLExceptionTranslator.translate(AbstractFallbackSQLExceptionTranslator.java:80)
	at org.springframework.jdbc.support.AbstractFallbackSQLExceptionTranslator.translate(AbstractFallbackSQLExceptionTranslator.java:80)
	at org.springframework.orm.hibernate3.HibernateAccessor.convertJdbcAccessException(HibernateAccessor.java:424)
	at org.springframework.orm.hibernate3.HibernateAccessor.convertHibernateAccessException(HibernateAccessor.java:410)
	at org.springframework.orm.hibernate3.HibernateTemplate.doExecute(HibernateTemplate.java:424)
	at org.springframework.orm.hibernate3.HibernateTemplate.execute(HibernateTemplate.java:339)
	at org.pentaho.platform.engine.security.userroledao.hibernate.sample.SampleUsersAndRolesInitHandler.hasUsers(SampleUsersAndRolesInitHandler.java:116)
	at org.pentaho.platform.engine.security.userroledao.hibernate.sample.SampleUsersAndRolesInitHandler.handleInit(SampleUsersAndRolesInitHandler.java:62)
	at org.pentaho.platform.engine.security.userroledao.hibernate.HibernateUserRoleDao.init(HibernateUserRoleDao.java:79)
	at sun.reflect.NativeMethodAccessorImpl.invoke0(Native Method)
	at sun.reflect.NativeMethodAccessorImpl.invoke(Unknown Source)
	at sun.reflect.DelegatingMethodAccessorImpl.invoke(Unknown Source)
	at java.lang.reflect.Method.invoke(Unknown Source)
	at org.springframework.beans.factory.support.AbstractAutowireCapableBeanFactory.invokeCustomInitMethod(AbstractAutowireCapableBeanFactory.java:1414)
	at org.springframework.beans.factory.support.AbstractAutowireCapableBeanFactory.invokeInitMethods(AbstractAutowireCapableBeanFactory.java:1375)
	at org.springframework.beans.factory.support.AbstractAutowireCapableBeanFactory.initializeBean(AbstractAutowireCapableBeanFactory.java:1335)
	... 107 more
Caused by: java.sql.SQLException: S1000 General error java.lang.RuntimeException: database alias does not exist
	at org.hsqldb.jdbc.Util.sqlException(Unknown Source)
	at org.hsqldb.jdbc.jdbcConnection.<init>(Unknown Source)
	at org.hsqldb.jdbcDriver.getConnection(Unknown Source)
	at org.hsqldb.jdbcDriver.connect(Unknown Source)
	at java.sql.DriverManager.getConnection(Unknown Source)
	at java.sql.DriverManager.getConnection(Unknown Source)
	at org.springframework.jdbc.datasource.DriverManagerDataSource.getConnectionFromDriverManager(DriverManagerDataSource.java:174)
	at org.springframework.jdbc.datasource.DriverManagerDataSource.getConnectionFromDriver(DriverManagerDataSource.java:165)
	at org.springframework.jdbc.datasource.AbstractDriverBasedDataSource.getConnectionFromDriver(AbstractDriverBasedDataSource.java:149)
	at org.springframework.jdbc.datasource.AbstractDriverBasedDataSource.getConnection(AbstractDriverBasedDataSource.java:119)
	at org.springframework.orm.hibernate3.LocalDataSourceConnectionProvider.getConnection(LocalDataSourceConnectionProvider.java:82)
	at org.hibernate.jdbc.ConnectionManager.openConnection(ConnectionManager.java:423)
	at org.hibernate.jdbc.ConnectionManager.getConnection(ConnectionManager.java:144)
	at org.hibernate.jdbc.AbstractBatcher.prepareQueryStatement(AbstractBatcher.java:139)
	at org.hibernate.loader.Loader.prepareQueryStatement(Loader.java:1547)
	at org.hibernate.loader.hql.QueryLoader.iterate(QueryLoader.java:399)
	at org.hibernate.hql.ast.QueryTranslatorImpl.iterate(QueryTranslatorImpl.java:380)
	at org.hibernate.engine.query.HQLQueryPlan.performIterate(HQLQueryPlan.java:224)
	at org.hibernate.impl.SessionImpl.iterate(SessionImpl.java:1192)
	at org.hibernate.impl.QueryImpl.iterate(QueryImpl.java:46)
	at org.pentaho.platform.engine.security.userroledao.hibernate.sample.SampleUsersAndRolesInitHandler$1.doInHibernate(SampleUsersAndRolesInitHandler.java:120)
	at org.springframework.orm.hibernate3.HibernateTemplate.doExecute(HibernateTemplate.java:419)
	... 118 more
12/08/2013 06:46:09 PM org.apache.catalina.core.StandardContext listenerStop
GRAVE: Excepción enviando evento de contexto destruído a instancia de escuchador de clase org.pentaho.platform.web.http.context.PentahoCacheContextListener
java.lang.NullPointerException
	at org.pentaho.platform.engine.core.system.PentahoSystem.getCacheManager(PentahoSystem.java:973)
	at org.pentaho.platform.web.http.context.PentahoCacheContextListener.contextDestroyed(PentahoCacheContextListener.java:41)
	at org.apache.catalina.core.StandardContext.listenerStop(StandardContext.java:4174)
	at org.apache.catalina.core.StandardContext.stop(StandardContext.java:4778)
	at org.apache.catalina.core.StandardContext.start(StandardContext.java:4675)
	at org.apache.catalina.core.ContainerBase.addChildInternal(ContainerBase.java:791)
	at org.apache.catalina.core.ContainerBase.addChild(ContainerBase.java:771)
	at org.apache.catalina.core.StandardHost.addChild(StandardHost.java:546)
	at org.apache.catalina.startup.HostConfig.deployDescriptor(HostConfig.java:637)
	at org.apache.catalina.startup.HostConfig.deployDescriptors(HostConfig.java:563)
	at org.apache.catalina.startup.HostConfig.deployApps(HostConfig.java:498)
	at org.apache.catalina.startup.HostConfig.start(HostConfig.java:1277)
	at org.apache.catalina.startup.HostConfig.lifecycleEvent(HostConfig.java:321)
	at org.apache.catalina.util.LifecycleSupport.fireLifecycleEvent(LifecycleSupport.java:119)
	at org.apache.catalina.core.ContainerBase.start(ContainerBase.java:1053)
	at org.apache.catalina.core.StandardHost.start(StandardHost.java:785)
	at org.apache.catalina.core.ContainerBase.start(ContainerBase.java:1045)
	at org.apache.catalina.core.StandardEngine.start(StandardEngine.java:445)
	at org.apache.catalina.core.StandardService.start(StandardService.java:519)
	at org.apache.catalina.core.StandardServer.start(StandardServer.java:710)
	at org.apache.catalina.startup.Catalina.start(Catalina.java:581)
	at sun.reflect.NativeMethodAccessorImpl.invoke0(Native Method)
	at sun.reflect.NativeMethodAccessorImpl.invoke(Unknown Source)
	at sun.reflect.DelegatingMethodAccessorImpl.invoke(Unknown Source)
	at java.lang.reflect.Method.invoke(Unknown Source)
	at org.apache.catalina.startup.Bootstrap.start(Bootstrap.java:289)
	at org.apache.catalina.startup.Bootstrap.main(Bootstrap.java:414)
12/08/2013 06:46:09 PM org.apache.catalina.core.ApplicationContext log
INFO: Closing Spring root WebApplicationContext
12/08/2013 06:47:15 PM org.apache.catalina.core.ApplicationContext log
INFO: Initializing Spring root WebApplicationContext
12/08/2013 06:47:39 PM org.apache.catalina.core.ApplicationContext log
INFO: Closing Spring root WebApplicationContext
