/*C7*/SET SCHEMA PUBLIC
CONNECT USER HIBUSER
DISCONNECT
/*C8*/SET SCHEMA PUBLIC
CONNECT USER HIBUSER
DISCONNECT
/*C9*/SET SCHEMA PUBLIC
CONNECT USER HIBUSER
DISCONNECT
/*C10*/SET SCHEMA PUBLIC
CONNECT USER HIBUSER
SET AUTOCOMMIT FALSE
SET AUTOCOMMIT TRUE
SET AUTOCOMMIT FALSE
/*C11*/SET SCHEMA PUBLIC
CONNECT USER HIBUSER
DISCONNECT
/*C12*/SET SCHEMA PUBLIC
CONNECT USER HIBUSER
SET AUTOCOMMIT FALSE
/*C13*/SET SCHEMA PUBLIC
CONNECT USER HIBUSER
SET AUTOCOMMIT FALSE
/*C10*/INSERT INTO USER_SETTINGS VALUES(222,'admin','recent','[["/Analiticos/Ingreso/INGRESO_CRI.analysisview.xaction",1377607880841],["/Analiticos/Egreso/EGRESO_COG.analysisview.xaction",1377606725895],["/bi-developers/rules/CurrentPositionTitles.xaction",1377551533347],["/bi-developers//ANALITICO_EGRESO_SECTORIAL.analysisview.xaction",1377551465249],["/bi-developers//ANALITICO_EGRESO_PROGRAMATICA.analysisview.xaction",1377551445425],["/bi-developers//ANALITICO_EGRESO_GEOGRAFICA.analysisview.xaction",1377551423192],["/bi-developers//ANALITICO_EGRESO_FUNCION.analysisview.xaction",1377551403089],["/bi-developers//ANALITICO_EGRESO_FUENTE.analysisview.xaction",1377551381620],["/bi-developers//ANALITICO_EGRESO_COG.analysisview.xaction",1377551346363],["/bi-developers//ANALITICO_INGRESO.analysisview.xaction",1377551334422]]')
DELETE FROM USER_SETTINGS WHERE USER_SETTINGS_ID=221
COMMIT
INSERT INTO USER_SETTINGS VALUES(223,'admin','recent','[["/Analiticos/Egreso/EGRESO_COG.analysisview.xaction",1377607910480],["/Analiticos/Ingreso/INGRESO_CRI.analysisview.xaction",1377607880841],["/bi-developers/rules/CurrentPositionTitles.xaction",1377551533347],["/bi-developers//ANALITICO_EGRESO_SECTORIAL.analysisview.xaction",1377551465249],["/bi-developers//ANALITICO_EGRESO_PROGRAMATICA.analysisview.xaction",1377551445425],["/bi-developers//ANALITICO_EGRESO_GEOGRAFICA.analysisview.xaction",1377551423192],["/bi-developers//ANALITICO_EGRESO_FUNCION.analysisview.xaction",1377551403089],["/bi-developers//ANALITICO_EGRESO_FUENTE.analysisview.xaction",1377551381620],["/bi-developers//ANALITICO_EGRESO_COG.analysisview.xaction",1377551346363],["/bi-developers//ANALITICO_INGRESO.analysisview.xaction",1377551334422]]')
DELETE FROM USER_SETTINGS WHERE USER_SETTINGS_ID=222
COMMIT
INSERT INTO USER_SETTINGS VALUES(224,'admin','recent','[["/Analiticos/Egreso/EGRESO_GEOGRAFICA.analysisview.xaction",1377608913218],["/Analiticos/Egreso/EGRESO_COG.analysisview.xaction",1377607910480],["/Analiticos/Ingreso/INGRESO_CRI.analysisview.xaction",1377607880841],["/bi-developers/rules/CurrentPositionTitles.xaction",1377551533347],["/bi-developers//ANALITICO_EGRESO_SECTORIAL.analysisview.xaction",1377551465249],["/bi-developers//ANALITICO_EGRESO_PROGRAMATICA.analysisview.xaction",1377551445425],["/bi-developers//ANALITICO_EGRESO_GEOGRAFICA.analysisview.xaction",1377551423192],["/bi-developers//ANALITICO_EGRESO_FUNCION.analysisview.xaction",1377551403089],["/bi-developers//ANALITICO_EGRESO_FUENTE.analysisview.xaction",1377551381620],["/bi-developers//ANALITICO_EGRESO_COG.analysisview.xaction",1377551346363]]')
DELETE FROM USER_SETTINGS WHERE USER_SETTINGS_ID=223
COMMIT
INSERT INTO USER_SETTINGS VALUES(225,'admin','recent','[["/Analiticos/Egreso/EGRESO_GEOGRAFICA.analysisview.xaction",1377609149514],["/Analiticos/Egreso/EGRESO_COG.analysisview.xaction",1377607910480],["/Analiticos/Ingreso/INGRESO_CRI.analysisview.xaction",1377607880841],["/bi-developers/rules/CurrentPositionTitles.xaction",1377551533347],["/bi-developers//ANALITICO_EGRESO_SECTORIAL.analysisview.xaction",1377551465249],["/bi-developers//ANALITICO_EGRESO_PROGRAMATICA.analysisview.xaction",1377551445425],["/bi-developers//ANALITICO_EGRESO_GEOGRAFICA.analysisview.xaction",1377551423192],["/bi-developers//ANALITICO_EGRESO_FUNCION.analysisview.xaction",1377551403089],["/bi-developers//ANALITICO_EGRESO_FUENTE.analysisview.xaction",1377551381620],["/bi-developers//ANALITICO_EGRESO_COG.analysisview.xaction",1377551346363]]')
DELETE FROM USER_SETTINGS WHERE USER_SETTINGS_ID=224
COMMIT
INSERT INTO USER_SETTINGS VALUES(226,'admin','recent','[["/Analiticos/Egreso/EGRESO_GEOGRAFICA.analysisview.xaction",1377609271058],["/Analiticos/Egreso/EGRESO_COG.analysisview.xaction",1377607910480],["/Analiticos/Ingreso/INGRESO_CRI.analysisview.xaction",1377607880841],["/bi-developers/rules/CurrentPositionTitles.xaction",1377551533347],["/bi-developers//ANALITICO_EGRESO_SECTORIAL.analysisview.xaction",1377551465249],["/bi-developers//ANALITICO_EGRESO_PROGRAMATICA.analysisview.xaction",1377551445425],["/bi-developers//ANALITICO_EGRESO_GEOGRAFICA.analysisview.xaction",1377551423192],["/bi-developers//ANALITICO_EGRESO_FUNCION.analysisview.xaction",1377551403089],["/bi-developers//ANALITICO_EGRESO_FUENTE.analysisview.xaction",1377551381620],["/bi-developers//ANALITICO_EGRESO_COG.analysisview.xaction",1377551346363]]')
DELETE FROM USER_SETTINGS WHERE USER_SETTINGS_ID=225
COMMIT
