/*C4*/SET SCHEMA PUBLIC
CONNECT USER PENTAHO_USER
DISCONNECT
/*C5*/SET SCHEMA PUBLIC
CONNECT USER PENTAHO_USER
SET AUTOCOMMIT FALSE
DELETE FROM QRTZ_SIMPLE_TRIGGERS WHERE TRIGGER_NAME='DailyTrigger' AND TRIGGER_GROUP='DEFAULT'
DELETE FROM QRTZ_TRIGGERS WHERE TRIGGER_NAME='DailyTrigger' AND TRIGGER_GROUP='DEFAULT'
DELETE FROM QRTZ_JOB_DETAILS WHERE JOB_NAME='PentahoSystemVersionCheck' AND JOB_GROUP='DEFAULT'
COMMIT
SET AUTOCOMMIT TRUE
SET AUTOCOMMIT FALSE
DELETE FROM QRTZ_TRIGGERS WHERE TRIGGER_NAME='backupCacheWarmer' AND TRIGGER_GROUP='CDA'
INSERT INTO QRTZ_TRIGGERS VALUES('backupCacheWarmer','CDA','backupScheduler.xaction','CDA','false',NULL,1376715600000,-1,'MISFIRED','CRON',1376677134000,0,NULL,0,NULL)
/*C6*/SET SCHEMA PUBLIC
CONNECT USER PENTAHO_USER
SET AUTOCOMMIT FALSE
/*C5*/DELETE FROM QRTZ_CRON_TRIGGERS WHERE TRIGGER_NAME='backupCacheWarmer' AND TRIGGER_GROUP='CDA'
INSERT INTO QRTZ_CRON_TRIGGERS VALUES('backupCacheWarmer','CDA','0 0 0/30 * * ?','America/Mexico_City')
DELETE FROM QRTZ_TRIGGERS WHERE TRIGGER_NAME='backupCacheWarmer' AND TRIGGER_GROUP='CDA'
INSERT INTO QRTZ_TRIGGERS VALUES('backupCacheWarmer','CDA','backupScheduler.xaction','CDA','false',NULL,1376926843404,-1,'WAITING','CRON',1376677134000,0,NULL,0,NULL)
COMMIT
SET AUTOCOMMIT TRUE
/*C6*/DELETE FROM QRTZ_TRIGGERS WHERE TRIGGER_NAME='backupCacheWarmer' AND TRIGGER_GROUP='CDA'
INSERT INTO QRTZ_TRIGGERS VALUES('backupCacheWarmer','CDA','backupScheduler.xaction','CDA','false',NULL,1376926843404,-1,'ACQUIRED','CRON',1376677134000,0,NULL,0,NULL)
/*C5*/SET AUTOCOMMIT FALSE
/*C6*/INSERT INTO QRTZ_FIRED_TRIGGERS VALUES('11376926843207','backupCacheWarmer','CDA','false','1',1376926843404,'ACQUIRED',NULL,NULL,'false','false')
COMMIT
SET AUTOCOMMIT TRUE
/*C5*/SET AUTOCOMMIT TRUE
/*C6*/SET AUTOCOMMIT FALSE
DELETE FROM QRTZ_FIRED_TRIGGERS WHERE ENTRY_ID='11376926843207'
INSERT INTO QRTZ_FIRED_TRIGGERS VALUES('11376926843207','backupCacheWarmer','CDA','false','1',1376926843404,'EXECUTING','backupScheduler.xaction','CDA','false','false')
DELETE FROM QRTZ_CRON_TRIGGERS WHERE TRIGGER_NAME='backupCacheWarmer' AND TRIGGER_GROUP='CDA'
INSERT INTO QRTZ_CRON_TRIGGERS VALUES('backupCacheWarmer','CDA','0 0 0/30 * * ?','America/Mexico_City')
DELETE FROM QRTZ_TRIGGERS WHERE TRIGGER_NAME='backupCacheWarmer' AND TRIGGER_GROUP='CDA'
INSERT INTO QRTZ_TRIGGERS VALUES('backupCacheWarmer','CDA','backupScheduler.xaction','CDA','false',NULL,1376974800000,1376926843404,'WAITING','CRON',1376677134000,0,NULL,0,NULL)
COMMIT
SET AUTOCOMMIT TRUE
SET AUTOCOMMIT FALSE
SET AUTOCOMMIT TRUE
SET AUTOCOMMIT FALSE
SET AUTOCOMMIT TRUE
SET AUTOCOMMIT FALSE
INSERT INTO QRTZ_JOB_DETAILS VALUES('PentahoSystemVersionCheck','DEFAULT',NULL,'org.pentaho.platform.scheduler.versionchecker.VersionCheckerJob','false','true','false','false','aced0005737200156f72672e71756172747a2e4a6f62446174614d61709fb083e8bfa9b0cb0200015a0013616c6c6f77735472616e7369656e74446174617872001d6f72672e71756172747a2e7574696c732e4469727479466c61674d617013e62ead28760ace0200025a000564697274794c00036d617074000f4c6a6176612f7574696c2f4d61703b787001737200116a6176612e7574696c2e486173684d61700507dac1c31660d103000246000a6c6f6164466163746f724900097468726573686f6c6478703f4000000000000c7708000000100000000174001376657273696f6e52657175657374466c616773737200116a6176612e6c616e672e496e746567657212e2a0a4f781873802000149000576616c7565787200106a6176612e6c616e672e4e756d62657286ac951d0b94e08b0200007870000000007800')
INSERT INTO QRTZ_TRIGGERS VALUES('DailyTrigger','DEFAULT','PentahoSystemVersionCheck','DEFAULT','true',NULL,1376926843608,-1,'WAITING','SIMPLE',1376926843608,0,NULL,0,NULL)
INSERT INTO QRTZ_SIMPLE_TRIGGERS VALUES('DailyTrigger','DEFAULT',-1,86400000,0)
COMMIT
SET AUTOCOMMIT TRUE
SET AUTOCOMMIT FALSE
DELETE FROM QRTZ_TRIGGERS WHERE TRIGGER_NAME='DailyTrigger' AND TRIGGER_GROUP='DEFAULT'
INSERT INTO QRTZ_TRIGGERS VALUES('DailyTrigger','DEFAULT','PentahoSystemVersionCheck','DEFAULT','true',NULL,1376926843608,-1,'ACQUIRED','SIMPLE',1376926843608,0,NULL,0,NULL)
INSERT INTO QRTZ_FIRED_TRIGGERS VALUES('11376926843208','DailyTrigger','DEFAULT','true','1',1376926843608,'ACQUIRED',NULL,NULL,'false','false')
COMMIT
SET AUTOCOMMIT TRUE
SET AUTOCOMMIT FALSE
DELETE FROM QRTZ_FIRED_TRIGGERS WHERE ENTRY_ID='11376926843208'
INSERT INTO QRTZ_FIRED_TRIGGERS VALUES('11376926843208','DailyTrigger','DEFAULT','true','1',1376926843608,'EXECUTING','PentahoSystemVersionCheck','DEFAULT','false','false')
DELETE FROM QRTZ_SIMPLE_TRIGGERS WHERE TRIGGER_NAME='DailyTrigger' AND TRIGGER_GROUP='DEFAULT'
INSERT INTO QRTZ_SIMPLE_TRIGGERS VALUES('DailyTrigger','DEFAULT',-1,86400000,1)
DELETE FROM QRTZ_TRIGGERS WHERE TRIGGER_NAME='DailyTrigger' AND TRIGGER_GROUP='DEFAULT'
INSERT INTO QRTZ_TRIGGERS VALUES('DailyTrigger','DEFAULT','PentahoSystemVersionCheck','DEFAULT','true',NULL,1377013243608,1376926843608,'WAITING','SIMPLE',1376926843608,0,NULL,0,NULL)
COMMIT
SET AUTOCOMMIT TRUE
SET AUTOCOMMIT FALSE
SET AUTOCOMMIT TRUE
SET AUTOCOMMIT FALSE
DELETE FROM QRTZ_FIRED_TRIGGERS WHERE ENTRY_ID='11376926843207'
COMMIT
SET AUTOCOMMIT TRUE
SET AUTOCOMMIT FALSE
SET AUTOCOMMIT TRUE
SET AUTOCOMMIT FALSE
DELETE FROM QRTZ_FIRED_TRIGGERS WHERE ENTRY_ID='11376926843208'
COMMIT
SET AUTOCOMMIT TRUE
SET AUTOCOMMIT FALSE
SET AUTOCOMMIT TRUE
SET AUTOCOMMIT FALSE
SET AUTOCOMMIT TRUE
SET AUTOCOMMIT FALSE
SET AUTOCOMMIT TRUE
SET AUTOCOMMIT FALSE
INSERT INTO QRTZ_JOB_DETAILS VALUES('scheduler.xaction','CDA','','org.pentaho.platform.scheduler.QuartzExecute','false','false','false','false','aced0005737200156f72672e71756172747a2e4a6f62446174614d61709fb083e8bfa9b0cb0200015a0013616c6c6f77735472616e7369656e74446174617872001d6f72672e71756172747a2e7574696c732e4469727479466c61674d617013e62ead28760ace0200025a000564697274794c00036d617074000f4c6a6176612f7574696c2f4d61703b787001737200116a6176612e7574696c2e486173684d61700507dac1c31660d103000246000a6c6f6164466163746f724900097468726573686f6c6478703f4000000000000c77080000001000000003740006616374696f6e7400117363686564756c65722e78616374696f6e7400047061746874000b6364612f616374696f6e73740008736f6c7574696f6e74000673797374656d7800')
INSERT INTO QRTZ_TRIGGERS VALUES('cacheWarmer','CDA','scheduler.xaction','CDA','false',NULL,1376926847500,-1,'WAITING','SIMPLE',1376926847500,0,NULL,0,NULL)
INSERT INTO QRTZ_SIMPLE_TRIGGERS VALUES('cacheWarmer','CDA',0,0,0)
COMMIT
SET AUTOCOMMIT TRUE
SET AUTOCOMMIT FALSE
DELETE FROM QRTZ_CRON_TRIGGERS WHERE TRIGGER_NAME='backupCacheWarmer' AND TRIGGER_GROUP='CDA'
DELETE FROM QRTZ_TRIGGERS WHERE TRIGGER_NAME='backupCacheWarmer' AND TRIGGER_GROUP='CDA'
DELETE FROM QRTZ_JOB_DETAILS WHERE JOB_NAME='backupScheduler.xaction' AND JOB_GROUP='CDA'
COMMIT
SET AUTOCOMMIT TRUE
SET AUTOCOMMIT FALSE
/*C5*/SET AUTOCOMMIT FALSE
/*C6*/SET AUTOCOMMIT TRUE
SET AUTOCOMMIT FALSE
/*C5*/DELETE FROM QRTZ_TRIGGERS WHERE TRIGGER_NAME='cacheWarmer' AND TRIGGER_GROUP='CDA'
INSERT INTO QRTZ_TRIGGERS VALUES('cacheWarmer','CDA','scheduler.xaction','CDA','false',NULL,1376926847500,-1,'ACQUIRED','SIMPLE',1376926847500,0,NULL,0,NULL)
INSERT INTO QRTZ_FIRED_TRIGGERS VALUES('11376926843209','cacheWarmer','CDA','false','1',1376926847500,'ACQUIRED',NULL,NULL,'false','false')
COMMIT
SET AUTOCOMMIT TRUE
/*C6*/INSERT INTO QRTZ_JOB_DETAILS VALUES('backupScheduler.xaction','CDA','','org.pentaho.platform.scheduler.QuartzExecute','false','false','false','false','aced0005737200156f72672e71756172747a2e4a6f62446174614d61709fb083e8bfa9b0cb0200015a0013616c6c6f77735472616e7369656e74446174617872001d6f72672e71756172747a2e7574696c732e4469727479466c61674d617013e62ead28760ace0200025a000564697274794c00036d617074000f4c6a6176612f7574696c2f4d61703b787001737200116a6176612e7574696c2e486173684d61700507dac1c31660d103000246000a6c6f6164466163746f724900097468726573686f6c6478703f4000000000000c77080000001000000003740006616374696f6e7400176261636b75705363686564756c65722e78616374696f6e7400047061746874000b6364612f616374696f6e73740008736f6c7574696f6e74000673797374656d7800')
/*C5*/SET AUTOCOMMIT FALSE
/*C6*/INSERT INTO QRTZ_TRIGGERS VALUES('backupCacheWarmer','CDA','backupScheduler.xaction','CDA','false',NULL,1376974800000,-1,'WAITING','CRON',1376926847000,0,NULL,0,NULL)
INSERT INTO QRTZ_CRON_TRIGGERS VALUES('backupCacheWarmer','CDA','0 0 0/30 * * ?','America/Mexico_City')
COMMIT
SET AUTOCOMMIT TRUE
/*C5*/DELETE FROM QRTZ_FIRED_TRIGGERS WHERE ENTRY_ID='11376926843209'
INSERT INTO QRTZ_FIRED_TRIGGERS VALUES('11376926843209','cacheWarmer','CDA','false','1',1376926847500,'EXECUTING','scheduler.xaction','CDA','false','false')
DELETE FROM QRTZ_SIMPLE_TRIGGERS WHERE TRIGGER_NAME='cacheWarmer' AND TRIGGER_GROUP='CDA'
INSERT INTO QRTZ_SIMPLE_TRIGGERS VALUES('cacheWarmer','CDA',0,0,1)
DELETE FROM QRTZ_TRIGGERS WHERE TRIGGER_NAME='cacheWarmer' AND TRIGGER_GROUP='CDA'
INSERT INTO QRTZ_TRIGGERS VALUES('cacheWarmer','CDA','scheduler.xaction','CDA','false',NULL,-1,1376926847500,'COMPLETE','SIMPLE',1376926847500,0,NULL,0,NULL)
COMMIT
SET AUTOCOMMIT TRUE
SET AUTOCOMMIT FALSE
SET AUTOCOMMIT TRUE
SET AUTOCOMMIT FALSE
DELETE FROM QRTZ_SIMPLE_TRIGGERS WHERE TRIGGER_NAME='cacheWarmer' AND TRIGGER_GROUP='CDA'
DELETE FROM QRTZ_TRIGGERS WHERE TRIGGER_NAME='cacheWarmer' AND TRIGGER_GROUP='CDA'
DELETE FROM QRTZ_JOB_DETAILS WHERE JOB_NAME='scheduler.xaction' AND JOB_GROUP='CDA'
DELETE FROM QRTZ_FIRED_TRIGGERS WHERE ENTRY_ID='11376926843209'
COMMIT
SET AUTOCOMMIT TRUE
SET AUTOCOMMIT FALSE
SET AUTOCOMMIT TRUE
SET AUTOCOMMIT FALSE
SET AUTOCOMMIT TRUE
SET AUTOCOMMIT FALSE
SET AUTOCOMMIT TRUE
SET AUTOCOMMIT FALSE
SET AUTOCOMMIT TRUE
SET AUTOCOMMIT FALSE
SET AUTOCOMMIT TRUE
SET AUTOCOMMIT FALSE
SET AUTOCOMMIT TRUE
SET AUTOCOMMIT FALSE
SET AUTOCOMMIT TRUE
SET AUTOCOMMIT FALSE
SET AUTOCOMMIT TRUE
SET AUTOCOMMIT FALSE
SET AUTOCOMMIT TRUE
SET AUTOCOMMIT FALSE
SET AUTOCOMMIT TRUE
SET AUTOCOMMIT FALSE
SET AUTOCOMMIT TRUE
SET AUTOCOMMIT FALSE
SET AUTOCOMMIT TRUE
SET AUTOCOMMIT FALSE
SET AUTOCOMMIT TRUE
SET AUTOCOMMIT FALSE
SET AUTOCOMMIT TRUE
SET AUTOCOMMIT FALSE
SET AUTOCOMMIT TRUE
SET AUTOCOMMIT FALSE
SET AUTOCOMMIT TRUE
SET AUTOCOMMIT FALSE
SET AUTOCOMMIT TRUE
SET AUTOCOMMIT FALSE
SET AUTOCOMMIT TRUE
SET AUTOCOMMIT FALSE
SET AUTOCOMMIT TRUE
SET AUTOCOMMIT FALSE
SET AUTOCOMMIT TRUE
SET AUTOCOMMIT FALSE
SET AUTOCOMMIT TRUE
SET AUTOCOMMIT FALSE
SET AUTOCOMMIT TRUE
SET AUTOCOMMIT FALSE
SET AUTOCOMMIT TRUE
SET AUTOCOMMIT FALSE
SET AUTOCOMMIT TRUE
SET AUTOCOMMIT FALSE
SET AUTOCOMMIT TRUE
SET AUTOCOMMIT FALSE
SET AUTOCOMMIT TRUE
SET AUTOCOMMIT FALSE
SET AUTOCOMMIT TRUE
SET AUTOCOMMIT FALSE
SET AUTOCOMMIT TRUE
SET AUTOCOMMIT FALSE
SET AUTOCOMMIT TRUE
SET AUTOCOMMIT FALSE
SET AUTOCOMMIT TRUE
SET AUTOCOMMIT FALSE
SET AUTOCOMMIT TRUE
SET AUTOCOMMIT FALSE
SET AUTOCOMMIT TRUE
SET AUTOCOMMIT FALSE
SET AUTOCOMMIT TRUE
SET AUTOCOMMIT FALSE
SET AUTOCOMMIT TRUE
SET AUTOCOMMIT FALSE
SET AUTOCOMMIT TRUE
SET AUTOCOMMIT FALSE
SET AUTOCOMMIT TRUE
SET AUTOCOMMIT FALSE
SET AUTOCOMMIT TRUE
SET AUTOCOMMIT FALSE
SET AUTOCOMMIT TRUE
SET AUTOCOMMIT FALSE
SET AUTOCOMMIT TRUE
SET AUTOCOMMIT FALSE
SET AUTOCOMMIT TRUE
SET AUTOCOMMIT FALSE
SET AUTOCOMMIT TRUE
SET AUTOCOMMIT FALSE
SET AUTOCOMMIT TRUE
SET AUTOCOMMIT FALSE
SET AUTOCOMMIT TRUE
SET AUTOCOMMIT FALSE
SET AUTOCOMMIT TRUE
SET AUTOCOMMIT FALSE
SET AUTOCOMMIT TRUE
SET AUTOCOMMIT FALSE
SET AUTOCOMMIT TRUE
SET AUTOCOMMIT FALSE
SET AUTOCOMMIT TRUE
SET AUTOCOMMIT FALSE
SET AUTOCOMMIT TRUE
SET AUTOCOMMIT FALSE
SET AUTOCOMMIT TRUE
SET AUTOCOMMIT FALSE
SET AUTOCOMMIT TRUE
SET AUTOCOMMIT FALSE
SET AUTOCOMMIT TRUE
SET AUTOCOMMIT FALSE
SET AUTOCOMMIT TRUE
SET AUTOCOMMIT FALSE
SET AUTOCOMMIT TRUE
SET AUTOCOMMIT FALSE
SET AUTOCOMMIT TRUE
SET AUTOCOMMIT FALSE
SET AUTOCOMMIT TRUE
SET AUTOCOMMIT FALSE
SET AUTOCOMMIT TRUE
SET AUTOCOMMIT FALSE
SET AUTOCOMMIT TRUE
SET AUTOCOMMIT FALSE
SET AUTOCOMMIT TRUE
SET AUTOCOMMIT FALSE
SET AUTOCOMMIT TRUE
SET AUTOCOMMIT FALSE
SET AUTOCOMMIT TRUE
SET AUTOCOMMIT FALSE
SET AUTOCOMMIT TRUE
SET AUTOCOMMIT FALSE
SET AUTOCOMMIT TRUE
SET AUTOCOMMIT FALSE
SET AUTOCOMMIT TRUE
SET AUTOCOMMIT FALSE
SET AUTOCOMMIT TRUE
SET AUTOCOMMIT FALSE
SET AUTOCOMMIT TRUE
SET AUTOCOMMIT FALSE
SET AUTOCOMMIT TRUE
SET AUTOCOMMIT FALSE
SET AUTOCOMMIT TRUE
DISCONNECT
/*C6*/DISCONNECT
