2013-08-19 10:42:03,640 INFO  [org.pentaho.pac.server.JettyServer] Console is starting
2013-08-19 10:42:03,969 INFO  [/] org.pentaho.pac.server.BrowserLocaleServlet-792386646: init
2013-08-19 10:42:03,970 INFO  [/] org.pentaho.pac.server.DefaultConsoleServlet-1205807115: init
2013-08-19 10:42:03,970 INFO  [/] org.pentaho.pac.server.PacServiceImpl-697542255: init
2013-08-19 10:42:03,970 INFO  [/] org.pentaho.pac.server.SchedulerServiceImpl-788223665: init
2013-08-19 10:42:03,971 INFO  [/] org.pentaho.pac.server.SolutionRepositoryServiceImpl-1875244867: init
2013-08-19 10:42:03,971 INFO  [/] org.pentaho.pac.server.SubscriptionServiceImpl-1352618001: init
2013-08-19 10:42:03,971 INFO  [/] org.pentaho.pac.server.common.HibernateConfigurationServiceImpl-951442116: init
2013-08-19 10:42:03,971 INFO  [/] org.pentaho.pac.server.common.JdbcDriverDiscoveryServiceImpl-2044601711: init
2013-08-19 10:42:04,030 INFO  [org.pentaho.pac.server.JettyServer] Console is now started. It can be accessed using http://Dell-PC:8099 or http://192.168.56.1:8099
2013-08-19 10:46:04,381 DEBUG [httpclient.wire.header] >> "GET /pentaho/ping/alive.gif?requestedMimeType=text%2Fxml HTTP/1.1[\r][\n]"
2013-08-19 10:46:04,390 DEBUG [httpclient.wire.header] >> "User-Agent: org.pentaho.pac.server.common.ThreadSafeHttpClient[\r][\n]"
2013-08-19 10:46:04,390 DEBUG [httpclient.wire.header] >> "Host: localhost:8080[\r][\n]"
2013-08-19 10:46:04,390 DEBUG [httpclient.wire.header] >> "[\r][\n]"
2013-08-19 10:46:23,187 DEBUG [httpclient.wire.header] << "HTTP/1.1 200 OK[\r][\n]"
2013-08-19 10:46:23,189 DEBUG [httpclient.wire.header] << "Server: Apache-Coyote/1.1[\r][\n]"
2013-08-19 10:46:23,189 DEBUG [httpclient.wire.header] << "Set-Cookie: JSESSIONID=91AB6D327F36DEA70FC7150A58D08498; Path=/pentaho[\r][\n]"
2013-08-19 10:46:23,189 DEBUG [httpclient.wire.header] << "Accept-Ranges: bytes[\r][\n]"
2013-08-19 10:46:23,189 DEBUG [httpclient.wire.header] << "ETag: W/"43-1366230592000"[\r][\n]"
2013-08-19 10:46:23,189 DEBUG [httpclient.wire.header] << "Last-Modified: Wed, 17 Apr 2013 20:29:52 GMT[\r][\n]"
2013-08-19 10:46:23,189 DEBUG [httpclient.wire.header] << "Content-Type: image/gif[\r][\n]"
2013-08-19 10:46:23,189 DEBUG [httpclient.wire.header] << "Content-Length: 43[\r][\n]"
2013-08-19 10:46:23,189 DEBUG [httpclient.wire.header] << "Date: Mon, 19 Aug 2013 15:46:23 GMT[\r][\n]"
2013-08-19 10:46:23,230 DEBUG [httpclient.wire.content] << "GIF89a[0x1][0x0][0x1][0x0][0x80][0x0][0x0][0x0][0x0][0x0][0x0][0x0][0x0]![0xf9][0x4][0x1][0x0][0x0][0x0][0x0],[0x0][0x0][0x0][0x0][0x1][0x0][0x1][0x0][0x0][0x2][0x2]D[0x1][0x0];"
2013-08-19 10:46:34,319 DEBUG [httpclient.wire.header] >> "GET /pentaho/ping/alive.gif?requestedMimeType=text%2Fxml HTTP/1.1[\r][\n]"
2013-08-19 10:46:34,320 DEBUG [httpclient.wire.header] >> "User-Agent: org.pentaho.pac.server.common.ThreadSafeHttpClient[\r][\n]"
2013-08-19 10:46:34,320 DEBUG [httpclient.wire.header] >> "Host: localhost:8080[\r][\n]"
2013-08-19 10:46:34,320 DEBUG [httpclient.wire.header] >> "Cookie: $Version=0; JSESSIONID=91AB6D327F36DEA70FC7150A58D08498; $Path=/pentaho[\r][\n]"
2013-08-19 10:46:34,320 DEBUG [httpclient.wire.header] >> "[\r][\n]"
2013-08-19 10:46:34,322 DEBUG [httpclient.wire.header] << "HTTP/1.1 200 OK[\r][\n]"
2013-08-19 10:46:34,322 DEBUG [httpclient.wire.header] << "Server: Apache-Coyote/1.1[\r][\n]"
2013-08-19 10:46:34,322 DEBUG [httpclient.wire.header] << "Accept-Ranges: bytes[\r][\n]"
2013-08-19 10:46:34,322 DEBUG [httpclient.wire.header] << "ETag: W/"43-1366230592000"[\r][\n]"
2013-08-19 10:46:34,322 DEBUG [httpclient.wire.header] << "Last-Modified: Wed, 17 Apr 2013 20:29:52 GMT[\r][\n]"
2013-08-19 10:46:34,322 DEBUG [httpclient.wire.header] << "Content-Type: image/gif[\r][\n]"
2013-08-19 10:46:34,322 DEBUG [httpclient.wire.header] << "Content-Length: 43[\r][\n]"
2013-08-19 10:46:34,322 DEBUG [httpclient.wire.header] << "Date: Mon, 19 Aug 2013 15:46:34 GMT[\r][\n]"
2013-08-19 10:46:34,322 DEBUG [httpclient.wire.content] << "GIF89a[0x1][0x0][0x1][0x0][0x80][0x0][0x0][0x0][0x0][0x0][0x0][0x0][0x0]![0xf9][0x4][0x1][0x0][0x0][0x0][0x0],[0x0][0x0][0x0][0x0][0x1][0x0][0x1][0x0][0x0][0x2][0x2]D[0x1][0x0];"
2013-08-19 10:47:04,325 DEBUG [httpclient.wire.header] >> "GET /pentaho/ping/alive.gif?requestedMimeType=text%2Fxml HTTP/1.1[\r][\n]"
2013-08-19 10:47:04,325 DEBUG [httpclient.wire.header] >> "User-Agent: org.pentaho.pac.server.common.ThreadSafeHttpClient[\r][\n]"
2013-08-19 10:47:04,325 DEBUG [httpclient.wire.header] >> "Host: localhost:8080[\r][\n]"
2013-08-19 10:47:04,326 DEBUG [httpclient.wire.header] >> "Cookie: $Version=0; JSESSIONID=91AB6D327F36DEA70FC7150A58D08498; $Path=/pentaho[\r][\n]"
2013-08-19 10:47:04,326 DEBUG [httpclient.wire.header] >> "[\r][\n]"
2013-08-19 10:47:04,330 DEBUG [httpclient.wire.header] << "HTTP/1.1 200 OK[\r][\n]"
2013-08-19 10:47:04,330 DEBUG [httpclient.wire.header] << "Server: Apache-Coyote/1.1[\r][\n]"
2013-08-19 10:47:04,330 DEBUG [httpclient.wire.header] << "Accept-Ranges: bytes[\r][\n]"
2013-08-19 10:47:04,330 DEBUG [httpclient.wire.header] << "ETag: W/"43-1366230592000"[\r][\n]"
2013-08-19 10:47:04,330 DEBUG [httpclient.wire.header] << "Last-Modified: Wed, 17 Apr 2013 20:29:52 GMT[\r][\n]"
2013-08-19 10:47:04,331 DEBUG [httpclient.wire.header] << "Content-Type: image/gif[\r][\n]"
2013-08-19 10:47:04,331 DEBUG [httpclient.wire.header] << "Content-Length: 43[\r][\n]"
2013-08-19 10:47:04,331 DEBUG [httpclient.wire.header] << "Date: Mon, 19 Aug 2013 15:47:04 GMT[\r][\n]"
2013-08-19 10:47:04,331 DEBUG [httpclient.wire.content] << "GIF89a[0x1][0x0][0x1][0x0][0x80][0x0][0x0][0x0][0x0][0x0][0x0][0x0][0x0]![0xf9][0x4][0x1][0x0][0x0][0x0][0x0],[0x0][0x0][0x0][0x0][0x1][0x0][0x1][0x0][0x0][0x2][0x2]D[0x1][0x0];"
2013-08-19 10:47:38,982 DEBUG [httpclient.wire.header] >> "GET /pentaho/ping/alive.gif?requestedMimeType=text%2Fxml HTTP/1.1[\r][\n]"
2013-08-19 10:47:38,983 DEBUG [httpclient.wire.header] >> "User-Agent: org.pentaho.pac.server.common.ThreadSafeHttpClient[\r][\n]"
2013-08-19 10:47:38,983 DEBUG [httpclient.wire.header] >> "Host: localhost:8080[\r][\n]"
2013-08-19 10:47:38,983 DEBUG [httpclient.wire.header] >> "Cookie: $Version=0; JSESSIONID=91AB6D327F36DEA70FC7150A58D08498; $Path=/pentaho[\r][\n]"
2013-08-19 10:47:38,983 DEBUG [httpclient.wire.header] >> "[\r][\n]"
2013-08-19 10:47:38,989 DEBUG [httpclient.wire.header] << "HTTP/1.1 200 OK[\r][\n]"
2013-08-19 10:47:38,989 DEBUG [httpclient.wire.header] << "Server: Apache-Coyote/1.1[\r][\n]"
2013-08-19 10:47:38,989 DEBUG [httpclient.wire.header] << "Accept-Ranges: bytes[\r][\n]"
2013-08-19 10:47:38,990 DEBUG [httpclient.wire.header] << "ETag: W/"43-1366230592000"[\r][\n]"
2013-08-19 10:47:38,990 DEBUG [httpclient.wire.header] << "Last-Modified: Wed, 17 Apr 2013 20:29:52 GMT[\r][\n]"
2013-08-19 10:47:38,990 DEBUG [httpclient.wire.header] << "Content-Type: image/gif[\r][\n]"
2013-08-19 10:47:38,990 DEBUG [httpclient.wire.header] << "Content-Length: 43[\r][\n]"
2013-08-19 10:47:38,990 DEBUG [httpclient.wire.header] << "Date: Mon, 19 Aug 2013 15:47:38 GMT[\r][\n]"
2013-08-19 10:47:38,990 DEBUG [httpclient.wire.content] << "GIF89a[0x1][0x0][0x1][0x0][0x80][0x0][0x0][0x0][0x0][0x0][0x0][0x0][0x0]![0xf9][0x4][0x1][0x0][0x0][0x0][0x0],[0x0][0x0][0x0][0x0][0x1][0x0][0x1][0x0][0x0][0x2][0x2]D[0x1][0x0];"
2013-08-19 10:48:04,323 DEBUG [httpclient.wire.header] >> "GET /pentaho/ping/alive.gif?requestedMimeType=text%2Fxml HTTP/1.1[\r][\n]"
2013-08-19 10:48:04,323 DEBUG [httpclient.wire.header] >> "User-Agent: org.pentaho.pac.server.common.ThreadSafeHttpClient[\r][\n]"
2013-08-19 10:48:04,323 DEBUG [httpclient.wire.header] >> "Host: localhost:8080[\r][\n]"
2013-08-19 10:48:04,323 DEBUG [httpclient.wire.header] >> "Cookie: $Version=0; JSESSIONID=91AB6D327F36DEA70FC7150A58D08498; $Path=/pentaho[\r][\n]"
2013-08-19 10:48:04,323 DEBUG [httpclient.wire.header] >> "[\r][\n]"
2013-08-19 10:48:04,327 DEBUG [httpclient.wire.header] << "HTTP/1.1 200 OK[\r][\n]"
2013-08-19 10:48:04,327 DEBUG [httpclient.wire.header] << "Server: Apache-Coyote/1.1[\r][\n]"
2013-08-19 10:48:04,327 DEBUG [httpclient.wire.header] << "Accept-Ranges: bytes[\r][\n]"
2013-08-19 10:48:04,327 DEBUG [httpclient.wire.header] << "ETag: W/"43-1366230592000"[\r][\n]"
2013-08-19 10:48:04,327 DEBUG [httpclient.wire.header] << "Last-Modified: Wed, 17 Apr 2013 20:29:52 GMT[\r][\n]"
2013-08-19 10:48:04,327 DEBUG [httpclient.wire.header] << "Content-Type: image/gif[\r][\n]"
2013-08-19 10:48:04,327 DEBUG [httpclient.wire.header] << "Content-Length: 43[\r][\n]"
2013-08-19 10:48:04,327 DEBUG [httpclient.wire.header] << "Date: Mon, 19 Aug 2013 15:48:04 GMT[\r][\n]"
2013-08-19 10:48:04,328 DEBUG [httpclient.wire.content] << "GIF89a[0x1][0x0][0x1][0x0][0x80][0x0][0x0][0x0][0x0][0x0][0x0][0x0][0x0]![0xf9][0x4][0x1][0x0][0x0][0x0][0x0],[0x0][0x0][0x0][0x0][0x1][0x0][0x1][0x0][0x0][0x2][0x2]D[0x1][0x0];"
2013-08-19 10:48:34,325 DEBUG [httpclient.wire.header] >> "GET /pentaho/ping/alive.gif?requestedMimeType=text%2Fxml HTTP/1.1[\r][\n]"
2013-08-19 10:48:34,325 DEBUG [httpclient.wire.header] >> "User-Agent: org.pentaho.pac.server.common.ThreadSafeHttpClient[\r][\n]"
2013-08-19 10:48:34,325 DEBUG [httpclient.wire.header] >> "Host: localhost:8080[\r][\n]"
2013-08-19 10:48:34,325 DEBUG [httpclient.wire.header] >> "Cookie: $Version=0; JSESSIONID=91AB6D327F36DEA70FC7150A58D08498; $Path=/pentaho[\r][\n]"
2013-08-19 10:48:34,325 DEBUG [httpclient.wire.header] >> "[\r][\n]"
2013-08-19 10:48:34,330 DEBUG [httpclient.wire.header] << "HTTP/1.1 200 OK[\r][\n]"
2013-08-19 10:48:34,330 DEBUG [httpclient.wire.header] << "Server: Apache-Coyote/1.1[\r][\n]"
2013-08-19 10:48:34,330 DEBUG [httpclient.wire.header] << "Accept-Ranges: bytes[\r][\n]"
2013-08-19 10:48:34,330 DEBUG [httpclient.wire.header] << "ETag: W/"43-1366230592000"[\r][\n]"
2013-08-19 10:48:34,330 DEBUG [httpclient.wire.header] << "Last-Modified: Wed, 17 Apr 2013 20:29:52 GMT[\r][\n]"
2013-08-19 10:48:34,330 DEBUG [httpclient.wire.header] << "Content-Type: image/gif[\r][\n]"
2013-08-19 10:48:34,330 DEBUG [httpclient.wire.header] << "Content-Length: 43[\r][\n]"
2013-08-19 10:48:34,330 DEBUG [httpclient.wire.header] << "Date: Mon, 19 Aug 2013 15:48:34 GMT[\r][\n]"
2013-08-19 10:48:34,331 DEBUG [httpclient.wire.content] << "GIF89a[0x1][0x0][0x1][0x0][0x80][0x0][0x0][0x0][0x0][0x0][0x0][0x0][0x0]![0xf9][0x4][0x1][0x0][0x0][0x0][0x0],[0x0][0x0][0x0][0x0][0x1][0x0][0x1][0x0][0x0][0x2][0x2]D[0x1][0x0];"
2013-08-19 10:49:04,322 DEBUG [httpclient.wire.header] >> "GET /pentaho/ping/alive.gif?requestedMimeType=text%2Fxml HTTP/1.1[\r][\n]"
2013-08-19 10:49:04,323 DEBUG [httpclient.wire.header] >> "User-Agent: org.pentaho.pac.server.common.ThreadSafeHttpClient[\r][\n]"
2013-08-19 10:49:04,323 DEBUG [httpclient.wire.header] >> "Host: localhost:8080[\r][\n]"
2013-08-19 10:49:04,323 DEBUG [httpclient.wire.header] >> "Cookie: $Version=0; JSESSIONID=91AB6D327F36DEA70FC7150A58D08498; $Path=/pentaho[\r][\n]"
2013-08-19 10:49:04,323 DEBUG [httpclient.wire.header] >> "[\r][\n]"
2013-08-19 10:49:04,325 DEBUG [httpclient.wire.header] << "HTTP/1.1 200 OK[\r][\n]"
2013-08-19 10:49:04,326 DEBUG [httpclient.wire.header] << "Server: Apache-Coyote/1.1[\r][\n]"
2013-08-19 10:49:04,326 DEBUG [httpclient.wire.header] << "Accept-Ranges: bytes[\r][\n]"
2013-08-19 10:49:04,326 DEBUG [httpclient.wire.header] << "ETag: W/"43-1366230592000"[\r][\n]"
2013-08-19 10:49:04,326 DEBUG [httpclient.wire.header] << "Last-Modified: Wed, 17 Apr 2013 20:29:52 GMT[\r][\n]"
2013-08-19 10:49:04,326 DEBUG [httpclient.wire.header] << "Content-Type: image/gif[\r][\n]"
2013-08-19 10:49:04,326 DEBUG [httpclient.wire.header] << "Content-Length: 43[\r][\n]"
2013-08-19 10:49:04,326 DEBUG [httpclient.wire.header] << "Date: Mon, 19 Aug 2013 15:49:04 GMT[\r][\n]"
2013-08-19 10:49:04,326 DEBUG [httpclient.wire.content] << "GIF89a[0x1][0x0][0x1][0x0][0x80][0x0][0x0][0x0][0x0][0x0][0x0][0x0][0x0]![0xf9][0x4][0x1][0x0][0x0][0x0][0x0],[0x0][0x0][0x0][0x0][0x1][0x0][0x1][0x0][0x0][0x2][0x2]D[0x1][0x0];"
2013-08-19 10:49:34,331 DEBUG [httpclient.wire.header] >> "GET /pentaho/ping/alive.gif?requestedMimeType=text%2Fxml HTTP/1.1[\r][\n]"
2013-08-19 10:49:34,331 DEBUG [httpclient.wire.header] >> "User-Agent: org.pentaho.pac.server.common.ThreadSafeHttpClient[\r][\n]"
2013-08-19 10:49:34,331 DEBUG [httpclient.wire.header] >> "Host: localhost:8080[\r][\n]"
2013-08-19 10:49:34,331 DEBUG [httpclient.wire.header] >> "Cookie: $Version=0; JSESSIONID=91AB6D327F36DEA70FC7150A58D08498; $Path=/pentaho[\r][\n]"
2013-08-19 10:49:34,331 DEBUG [httpclient.wire.header] >> "[\r][\n]"
2013-08-19 10:49:34,336 DEBUG [httpclient.wire.header] << "HTTP/1.1 200 OK[\r][\n]"
2013-08-19 10:49:34,337 DEBUG [httpclient.wire.header] << "Server: Apache-Coyote/1.1[\r][\n]"
2013-08-19 10:49:34,337 DEBUG [httpclient.wire.header] << "Accept-Ranges: bytes[\r][\n]"
2013-08-19 10:49:34,337 DEBUG [httpclient.wire.header] << "ETag: W/"43-1366230592000"[\r][\n]"
2013-08-19 10:49:34,337 DEBUG [httpclient.wire.header] << "Last-Modified: Wed, 17 Apr 2013 20:29:52 GMT[\r][\n]"
2013-08-19 10:49:34,337 DEBUG [httpclient.wire.header] << "Content-Type: image/gif[\r][\n]"
2013-08-19 10:49:34,337 DEBUG [httpclient.wire.header] << "Content-Length: 43[\r][\n]"
2013-08-19 10:49:34,337 DEBUG [httpclient.wire.header] << "Date: Mon, 19 Aug 2013 15:49:34 GMT[\r][\n]"
2013-08-19 10:49:34,337 DEBUG [httpclient.wire.content] << "GIF89a[0x1][0x0][0x1][0x0][0x80][0x0][0x0][0x0][0x0][0x0][0x0][0x0][0x0]![0xf9][0x4][0x1][0x0][0x0][0x0][0x0],[0x0][0x0][0x0][0x0][0x1][0x0][0x1][0x0][0x0][0x2][0x2]D[0x1][0x0];"
2013-08-19 10:50:04,324 DEBUG [httpclient.wire.header] >> "GET /pentaho/ping/alive.gif?requestedMimeType=text%2Fxml HTTP/1.1[\r][\n]"
2013-08-19 10:50:04,324 DEBUG [httpclient.wire.header] >> "User-Agent: org.pentaho.pac.server.common.ThreadSafeHttpClient[\r][\n]"
2013-08-19 10:50:04,324 DEBUG [httpclient.wire.header] >> "Host: localhost:8080[\r][\n]"
2013-08-19 10:50:04,324 DEBUG [httpclient.wire.header] >> "Cookie: $Version=0; JSESSIONID=91AB6D327F36DEA70FC7150A58D08498; $Path=/pentaho[\r][\n]"
2013-08-19 10:50:04,324 DEBUG [httpclient.wire.header] >> "[\r][\n]"
2013-08-19 10:50:04,328 DEBUG [httpclient.wire.header] << "HTTP/1.1 200 OK[\r][\n]"
2013-08-19 10:50:04,328 DEBUG [httpclient.wire.header] << "Server: Apache-Coyote/1.1[\r][\n]"
2013-08-19 10:50:04,328 DEBUG [httpclient.wire.header] << "Accept-Ranges: bytes[\r][\n]"
2013-08-19 10:50:04,328 DEBUG [httpclient.wire.header] << "ETag: W/"43-1366230592000"[\r][\n]"
2013-08-19 10:50:04,328 DEBUG [httpclient.wire.header] << "Last-Modified: Wed, 17 Apr 2013 20:29:52 GMT[\r][\n]"
2013-08-19 10:50:04,328 DEBUG [httpclient.wire.header] << "Content-Type: image/gif[\r][\n]"
2013-08-19 10:50:04,328 DEBUG [httpclient.wire.header] << "Content-Length: 43[\r][\n]"
2013-08-19 10:50:04,328 DEBUG [httpclient.wire.header] << "Date: Mon, 19 Aug 2013 15:50:04 GMT[\r][\n]"
2013-08-19 10:50:04,328 DEBUG [httpclient.wire.content] << "GIF89a[0x1][0x0][0x1][0x0][0x80][0x0][0x0][0x0][0x0][0x0][0x0][0x0][0x0]![0xf9][0x4][0x1][0x0][0x0][0x0][0x0],[0x0][0x0][0x0][0x0][0x1][0x0][0x1][0x0][0x0][0x2][0x2]D[0x1][0x0];"
2013-08-19 10:50:34,325 DEBUG [httpclient.wire.header] >> "GET /pentaho/ping/alive.gif?requestedMimeType=text%2Fxml HTTP/1.1[\r][\n]"
2013-08-19 10:50:34,325 DEBUG [httpclient.wire.header] >> "User-Agent: org.pentaho.pac.server.common.ThreadSafeHttpClient[\r][\n]"
2013-08-19 10:50:34,326 DEBUG [httpclient.wire.header] >> "Host: localhost:8080[\r][\n]"
2013-08-19 10:50:34,326 DEBUG [httpclient.wire.header] >> "Cookie: $Version=0; JSESSIONID=91AB6D327F36DEA70FC7150A58D08498; $Path=/pentaho[\r][\n]"
2013-08-19 10:50:34,326 DEBUG [httpclient.wire.header] >> "[\r][\n]"
2013-08-19 10:50:34,330 DEBUG [httpclient.wire.header] << "HTTP/1.1 200 OK[\r][\n]"
2013-08-19 10:50:34,330 DEBUG [httpclient.wire.header] << "Server: Apache-Coyote/1.1[\r][\n]"
2013-08-19 10:50:34,330 DEBUG [httpclient.wire.header] << "Accept-Ranges: bytes[\r][\n]"
2013-08-19 10:50:34,330 DEBUG [httpclient.wire.header] << "ETag: W/"43-1366230592000"[\r][\n]"
2013-08-19 10:50:34,330 DEBUG [httpclient.wire.header] << "Last-Modified: Wed, 17 Apr 2013 20:29:52 GMT[\r][\n]"
2013-08-19 10:50:34,330 DEBUG [httpclient.wire.header] << "Content-Type: image/gif[\r][\n]"
2013-08-19 10:50:34,331 DEBUG [httpclient.wire.header] << "Content-Length: 43[\r][\n]"
2013-08-19 10:50:34,331 DEBUG [httpclient.wire.header] << "Date: Mon, 19 Aug 2013 15:50:34 GMT[\r][\n]"
2013-08-19 10:50:34,331 DEBUG [httpclient.wire.content] << "GIF89a[0x1][0x0][0x1][0x0][0x80][0x0][0x0][0x0][0x0][0x0][0x0][0x0][0x0]![0xf9][0x4][0x1][0x0][0x0][0x0][0x0],[0x0][0x0][0x0][0x0][0x1][0x0][0x1][0x0][0x0][0x2][0x2]D[0x1][0x0];"
2013-08-19 10:51:04,329 DEBUG [httpclient.wire.header] >> "GET /pentaho/ping/alive.gif?requestedMimeType=text%2Fxml HTTP/1.1[\r][\n]"
2013-08-19 10:51:04,330 DEBUG [httpclient.wire.header] >> "User-Agent: org.pentaho.pac.server.common.ThreadSafeHttpClient[\r][\n]"
2013-08-19 10:51:04,330 DEBUG [httpclient.wire.header] >> "Host: localhost:8080[\r][\n]"
2013-08-19 10:51:04,330 DEBUG [httpclient.wire.header] >> "Cookie: $Version=0; JSESSIONID=91AB6D327F36DEA70FC7150A58D08498; $Path=/pentaho[\r][\n]"
2013-08-19 10:51:04,330 DEBUG [httpclient.wire.header] >> "[\r][\n]"
2013-08-19 10:51:04,336 DEBUG [httpclient.wire.header] << "HTTP/1.1 200 OK[\r][\n]"
2013-08-19 10:51:04,336 DEBUG [httpclient.wire.header] << "Server: Apache-Coyote/1.1[\r][\n]"
2013-08-19 10:51:04,336 DEBUG [httpclient.wire.header] << "Accept-Ranges: bytes[\r][\n]"
2013-08-19 10:51:04,336 DEBUG [httpclient.wire.header] << "ETag: W/"43-1366230592000"[\r][\n]"
2013-08-19 10:51:04,336 DEBUG [httpclient.wire.header] << "Last-Modified: Wed, 17 Apr 2013 20:29:52 GMT[\r][\n]"
2013-08-19 10:51:04,336 DEBUG [httpclient.wire.header] << "Content-Type: image/gif[\r][\n]"
2013-08-19 10:51:04,336 DEBUG [httpclient.wire.header] << "Content-Length: 43[\r][\n]"
2013-08-19 10:51:04,336 DEBUG [httpclient.wire.header] << "Date: Mon, 19 Aug 2013 15:51:04 GMT[\r][\n]"
2013-08-19 10:51:04,337 DEBUG [httpclient.wire.content] << "GIF89a[0x1][0x0][0x1][0x0][0x80][0x0][0x0][0x0][0x0][0x0][0x0][0x0][0x0]![0xf9][0x4][0x1][0x0][0x0][0x0][0x0],[0x0][0x0][0x0][0x0][0x1][0x0][0x1][0x0][0x0][0x2][0x2]D[0x1][0x0];"
2013-08-19 10:51:34,329 DEBUG [httpclient.wire.header] >> "GET /pentaho/ping/alive.gif?requestedMimeType=text%2Fxml HTTP/1.1[\r][\n]"
2013-08-19 10:51:34,329 DEBUG [httpclient.wire.header] >> "User-Agent: org.pentaho.pac.server.common.ThreadSafeHttpClient[\r][\n]"
2013-08-19 10:51:34,329 DEBUG [httpclient.wire.header] >> "Host: localhost:8080[\r][\n]"
2013-08-19 10:51:34,329 DEBUG [httpclient.wire.header] >> "Cookie: $Version=0; JSESSIONID=91AB6D327F36DEA70FC7150A58D08498; $Path=/pentaho[\r][\n]"
2013-08-19 10:51:34,330 DEBUG [httpclient.wire.header] >> "[\r][\n]"
2013-08-19 10:51:34,349 DEBUG [httpclient.wire.header] << "HTTP/1.1 200 OK[\r][\n]"
2013-08-19 10:51:34,349 DEBUG [httpclient.wire.header] << "Server: Apache-Coyote/1.1[\r][\n]"
2013-08-19 10:51:34,349 DEBUG [httpclient.wire.header] << "Accept-Ranges: bytes[\r][\n]"
2013-08-19 10:51:34,349 DEBUG [httpclient.wire.header] << "ETag: W/"43-1366230592000"[\r][\n]"
2013-08-19 10:51:34,349 DEBUG [httpclient.wire.header] << "Last-Modified: Wed, 17 Apr 2013 20:29:52 GMT[\r][\n]"
2013-08-19 10:51:34,349 DEBUG [httpclient.wire.header] << "Content-Type: image/gif[\r][\n]"
2013-08-19 10:51:34,349 DEBUG [httpclient.wire.header] << "Content-Length: 43[\r][\n]"
2013-08-19 10:51:34,349 DEBUG [httpclient.wire.header] << "Date: Mon, 19 Aug 2013 15:51:34 GMT[\r][\n]"
2013-08-19 10:51:34,350 DEBUG [httpclient.wire.content] << "GIF89a[0x1][0x0][0x1][0x0][0x80][0x0][0x0][0x0][0x0][0x0][0x0][0x0][0x0]![0xf9][0x4][0x1][0x0][0x0][0x0][0x0],[0x0][0x0][0x0][0x0][0x1][0x0][0x1][0x0][0x0][0x2][0x2]D[0x1][0x0];"
2013-08-19 10:52:04,331 DEBUG [httpclient.wire.header] >> "GET /pentaho/ping/alive.gif?requestedMimeType=text%2Fxml HTTP/1.1[\r][\n]"
2013-08-19 10:52:04,331 DEBUG [httpclient.wire.header] >> "User-Agent: org.pentaho.pac.server.common.ThreadSafeHttpClient[\r][\n]"
2013-08-19 10:52:04,331 DEBUG [httpclient.wire.header] >> "Host: localhost:8080[\r][\n]"
2013-08-19 10:52:04,331 DEBUG [httpclient.wire.header] >> "Cookie: $Version=0; JSESSIONID=91AB6D327F36DEA70FC7150A58D08498; $Path=/pentaho[\r][\n]"
2013-08-19 10:52:04,331 DEBUG [httpclient.wire.header] >> "[\r][\n]"
2013-08-19 10:52:04,335 DEBUG [httpclient.wire.header] << "HTTP/1.1 200 OK[\r][\n]"
2013-08-19 10:52:04,335 DEBUG [httpclient.wire.header] << "Server: Apache-Coyote/1.1[\r][\n]"
2013-08-19 10:52:04,335 DEBUG [httpclient.wire.header] << "Accept-Ranges: bytes[\r][\n]"
2013-08-19 10:52:04,335 DEBUG [httpclient.wire.header] << "ETag: W/"43-1366230592000"[\r][\n]"
2013-08-19 10:52:04,335 DEBUG [httpclient.wire.header] << "Last-Modified: Wed, 17 Apr 2013 20:29:52 GMT[\r][\n]"
2013-08-19 10:52:04,335 DEBUG [httpclient.wire.header] << "Content-Type: image/gif[\r][\n]"
2013-08-19 10:52:04,335 DEBUG [httpclient.wire.header] << "Content-Length: 43[\r][\n]"
2013-08-19 10:52:04,335 DEBUG [httpclient.wire.header] << "Date: Mon, 19 Aug 2013 15:52:04 GMT[\r][\n]"
2013-08-19 10:52:04,336 DEBUG [httpclient.wire.content] << "GIF89a[0x1][0x0][0x1][0x0][0x80][0x0][0x0][0x0][0x0][0x0][0x0][0x0][0x0]![0xf9][0x4][0x1][0x0][0x0][0x0][0x0],[0x0][0x0][0x0][0x0][0x1][0x0][0x1][0x0][0x0][0x2][0x2]D[0x1][0x0];"
2013-08-19 10:52:34,326 DEBUG [httpclient.wire.header] >> "GET /pentaho/ping/alive.gif?requestedMimeType=text%2Fxml HTTP/1.1[\r][\n]"
2013-08-19 10:52:34,327 DEBUG [httpclient.wire.header] >> "User-Agent: org.pentaho.pac.server.common.ThreadSafeHttpClient[\r][\n]"
2013-08-19 10:52:34,327 DEBUG [httpclient.wire.header] >> "Host: localhost:8080[\r][\n]"
2013-08-19 10:52:34,327 DEBUG [httpclient.wire.header] >> "Cookie: $Version=0; JSESSIONID=91AB6D327F36DEA70FC7150A58D08498; $Path=/pentaho[\r][\n]"
2013-08-19 10:52:34,327 DEBUG [httpclient.wire.header] >> "[\r][\n]"
2013-08-19 10:52:34,332 DEBUG [httpclient.wire.header] << "HTTP/1.1 200 OK[\r][\n]"
2013-08-19 10:52:34,332 DEBUG [httpclient.wire.header] << "Server: Apache-Coyote/1.1[\r][\n]"
2013-08-19 10:52:34,332 DEBUG [httpclient.wire.header] << "Accept-Ranges: bytes[\r][\n]"
2013-08-19 10:52:34,332 DEBUG [httpclient.wire.header] << "ETag: W/"43-1366230592000"[\r][\n]"
2013-08-19 10:52:34,332 DEBUG [httpclient.wire.header] << "Last-Modified: Wed, 17 Apr 2013 20:29:52 GMT[\r][\n]"
2013-08-19 10:52:34,332 DEBUG [httpclient.wire.header] << "Content-Type: image/gif[\r][\n]"
2013-08-19 10:52:34,332 DEBUG [httpclient.wire.header] << "Content-Length: 43[\r][\n]"
2013-08-19 10:52:34,332 DEBUG [httpclient.wire.header] << "Date: Mon, 19 Aug 2013 15:52:34 GMT[\r][\n]"
2013-08-19 10:52:34,332 DEBUG [httpclient.wire.content] << "GIF89a[0x1][0x0][0x1][0x0][0x80][0x0][0x0][0x0][0x0][0x0][0x0][0x0][0x0]![0xf9][0x4][0x1][0x0][0x0][0x0][0x0],[0x0][0x0][0x0][0x0][0x1][0x0][0x1][0x0][0x0][0x2][0x2]D[0x1][0x0];"
2013-08-19 10:53:04,332 DEBUG [httpclient.wire.header] >> "GET /pentaho/ping/alive.gif?requestedMimeType=text%2Fxml HTTP/1.1[\r][\n]"
2013-08-19 10:53:04,333 DEBUG [httpclient.wire.header] >> "User-Agent: org.pentaho.pac.server.common.ThreadSafeHttpClient[\r][\n]"
2013-08-19 10:53:04,333 DEBUG [httpclient.wire.header] >> "Host: localhost:8080[\r][\n]"
2013-08-19 10:53:04,333 DEBUG [httpclient.wire.header] >> "Cookie: $Version=0; JSESSIONID=91AB6D327F36DEA70FC7150A58D08498; $Path=/pentaho[\r][\n]"
2013-08-19 10:53:04,333 DEBUG [httpclient.wire.header] >> "[\r][\n]"
2013-08-19 10:53:04,339 DEBUG [httpclient.wire.header] << "HTTP/1.1 200 OK[\r][\n]"
2013-08-19 10:53:04,339 DEBUG [httpclient.wire.header] << "Server: Apache-Coyote/1.1[\r][\n]"
2013-08-19 10:53:04,339 DEBUG [httpclient.wire.header] << "Accept-Ranges: bytes[\r][\n]"
2013-08-19 10:53:04,339 DEBUG [httpclient.wire.header] << "ETag: W/"43-1366230592000"[\r][\n]"
2013-08-19 10:53:04,339 DEBUG [httpclient.wire.header] << "Last-Modified: Wed, 17 Apr 2013 20:29:52 GMT[\r][\n]"
2013-08-19 10:53:04,339 DEBUG [httpclient.wire.header] << "Content-Type: image/gif[\r][\n]"
2013-08-19 10:53:04,339 DEBUG [httpclient.wire.header] << "Content-Length: 43[\r][\n]"
2013-08-19 10:53:04,339 DEBUG [httpclient.wire.header] << "Date: Mon, 19 Aug 2013 15:53:04 GMT[\r][\n]"
2013-08-19 10:53:04,339 DEBUG [httpclient.wire.content] << "GIF89a[0x1][0x0][0x1][0x0][0x80][0x0][0x0][0x0][0x0][0x0][0x0][0x0][0x0]![0xf9][0x4][0x1][0x0][0x0][0x0][0x0],[0x0][0x0][0x0][0x0][0x1][0x0][0x1][0x0][0x0][0x2][0x2]D[0x1][0x0];"
2013-08-19 10:53:34,328 DEBUG [httpclient.wire.header] >> "GET /pentaho/ping/alive.gif?requestedMimeType=text%2Fxml HTTP/1.1[\r][\n]"
2013-08-19 10:53:34,329 DEBUG [httpclient.wire.header] >> "User-Agent: org.pentaho.pac.server.common.ThreadSafeHttpClient[\r][\n]"
2013-08-19 10:53:34,329 DEBUG [httpclient.wire.header] >> "Host: localhost:8080[\r][\n]"
2013-08-19 10:53:34,329 DEBUG [httpclient.wire.header] >> "Cookie: $Version=0; JSESSIONID=91AB6D327F36DEA70FC7150A58D08498; $Path=/pentaho[\r][\n]"
2013-08-19 10:53:34,329 DEBUG [httpclient.wire.header] >> "[\r][\n]"
2013-08-19 10:53:34,332 DEBUG [httpclient.wire.header] << "HTTP/1.1 200 OK[\r][\n]"
2013-08-19 10:53:34,333 DEBUG [httpclient.wire.header] << "Server: Apache-Coyote/1.1[\r][\n]"
2013-08-19 10:53:34,333 DEBUG [httpclient.wire.header] << "Accept-Ranges: bytes[\r][\n]"
2013-08-19 10:53:34,333 DEBUG [httpclient.wire.header] << "ETag: W/"43-1366230592000"[\r][\n]"
2013-08-19 10:53:34,333 DEBUG [httpclient.wire.header] << "Last-Modified: Wed, 17 Apr 2013 20:29:52 GMT[\r][\n]"
2013-08-19 10:53:34,333 DEBUG [httpclient.wire.header] << "Content-Type: image/gif[\r][\n]"
2013-08-19 10:53:34,333 DEBUG [httpclient.wire.header] << "Content-Length: 43[\r][\n]"
2013-08-19 10:53:34,333 DEBUG [httpclient.wire.header] << "Date: Mon, 19 Aug 2013 15:53:34 GMT[\r][\n]"
2013-08-19 10:53:34,333 DEBUG [httpclient.wire.content] << "GIF89a[0x1][0x0][0x1][0x0][0x80][0x0][0x0][0x0][0x0][0x0][0x0][0x0][0x0]![0xf9][0x4][0x1][0x0][0x0][0x0][0x0],[0x0][0x0][0x0][0x0][0x1][0x0][0x1][0x0][0x0][0x2][0x2]D[0x1][0x0];"
2013-08-19 10:54:04,330 DEBUG [httpclient.wire.header] >> "GET /pentaho/ping/alive.gif?requestedMimeType=text%2Fxml HTTP/1.1[\r][\n]"
2013-08-19 10:54:04,330 DEBUG [httpclient.wire.header] >> "User-Agent: org.pentaho.pac.server.common.ThreadSafeHttpClient[\r][\n]"
2013-08-19 10:54:04,330 DEBUG [httpclient.wire.header] >> "Host: localhost:8080[\r][\n]"
2013-08-19 10:54:04,330 DEBUG [httpclient.wire.header] >> "Cookie: $Version=0; JSESSIONID=91AB6D327F36DEA70FC7150A58D08498; $Path=/pentaho[\r][\n]"
2013-08-19 10:54:04,330 DEBUG [httpclient.wire.header] >> "[\r][\n]"
2013-08-19 10:54:04,334 DEBUG [httpclient.wire.header] << "HTTP/1.1 200 OK[\r][\n]"
2013-08-19 10:54:04,334 DEBUG [httpclient.wire.header] << "Server: Apache-Coyote/1.1[\r][\n]"
2013-08-19 10:54:04,334 DEBUG [httpclient.wire.header] << "Accept-Ranges: bytes[\r][\n]"
2013-08-19 10:54:04,334 DEBUG [httpclient.wire.header] << "ETag: W/"43-1366230592000"[\r][\n]"
2013-08-19 10:54:04,334 DEBUG [httpclient.wire.header] << "Last-Modified: Wed, 17 Apr 2013 20:29:52 GMT[\r][\n]"
2013-08-19 10:54:04,334 DEBUG [httpclient.wire.header] << "Content-Type: image/gif[\r][\n]"
2013-08-19 10:54:04,334 DEBUG [httpclient.wire.header] << "Content-Length: 43[\r][\n]"
2013-08-19 10:54:04,334 DEBUG [httpclient.wire.header] << "Date: Mon, 19 Aug 2013 15:54:04 GMT[\r][\n]"
2013-08-19 10:54:04,335 DEBUG [httpclient.wire.content] << "GIF89a[0x1][0x0][0x1][0x0][0x80][0x0][0x0][0x0][0x0][0x0][0x0][0x0][0x0]![0xf9][0x4][0x1][0x0][0x0][0x0][0x0],[0x0][0x0][0x0][0x0][0x1][0x0][0x1][0x0][0x0][0x2][0x2]D[0x1][0x0];"
2013-08-19 10:54:34,329 DEBUG [httpclient.wire.header] >> "GET /pentaho/ping/alive.gif?requestedMimeType=text%2Fxml HTTP/1.1[\r][\n]"
2013-08-19 10:54:34,330 DEBUG [httpclient.wire.header] >> "User-Agent: org.pentaho.pac.server.common.ThreadSafeHttpClient[\r][\n]"
2013-08-19 10:54:34,330 DEBUG [httpclient.wire.header] >> "Host: localhost:8080[\r][\n]"
2013-08-19 10:54:34,330 DEBUG [httpclient.wire.header] >> "Cookie: $Version=0; JSESSIONID=91AB6D327F36DEA70FC7150A58D08498; $Path=/pentaho[\r][\n]"
2013-08-19 10:54:34,330 DEBUG [httpclient.wire.header] >> "[\r][\n]"
2013-08-19 10:54:34,335 DEBUG [httpclient.wire.header] << "HTTP/1.1 200 OK[\r][\n]"
2013-08-19 10:54:34,335 DEBUG [httpclient.wire.header] << "Server: Apache-Coyote/1.1[\r][\n]"
2013-08-19 10:54:34,335 DEBUG [httpclient.wire.header] << "Accept-Ranges: bytes[\r][\n]"
2013-08-19 10:54:34,335 DEBUG [httpclient.wire.header] << "ETag: W/"43-1366230592000"[\r][\n]"
2013-08-19 10:54:34,335 DEBUG [httpclient.wire.header] << "Last-Modified: Wed, 17 Apr 2013 20:29:52 GMT[\r][\n]"
2013-08-19 10:54:34,335 DEBUG [httpclient.wire.header] << "Content-Type: image/gif[\r][\n]"
2013-08-19 10:54:34,335 DEBUG [httpclient.wire.header] << "Content-Length: 43[\r][\n]"
2013-08-19 10:54:34,335 DEBUG [httpclient.wire.header] << "Date: Mon, 19 Aug 2013 15:54:34 GMT[\r][\n]"
2013-08-19 10:54:34,336 DEBUG [httpclient.wire.content] << "GIF89a[0x1][0x0][0x1][0x0][0x80][0x0][0x0][0x0][0x0][0x0][0x0][0x0][0x0]![0xf9][0x4][0x1][0x0][0x0][0x0][0x0],[0x0][0x0][0x0][0x0][0x1][0x0][0x1][0x0][0x0][0x2][0x2]D[0x1][0x0];"
2013-08-19 10:55:04,332 DEBUG [httpclient.wire.header] >> "GET /pentaho/ping/alive.gif?requestedMimeType=text%2Fxml HTTP/1.1[\r][\n]"
2013-08-19 10:55:04,332 DEBUG [httpclient.wire.header] >> "User-Agent: org.pentaho.pac.server.common.ThreadSafeHttpClient[\r][\n]"
2013-08-19 10:55:04,332 DEBUG [httpclient.wire.header] >> "Host: localhost:8080[\r][\n]"
2013-08-19 10:55:04,332 DEBUG [httpclient.wire.header] >> "Cookie: $Version=0; JSESSIONID=91AB6D327F36DEA70FC7150A58D08498; $Path=/pentaho[\r][\n]"
2013-08-19 10:55:04,333 DEBUG [httpclient.wire.header] >> "[\r][\n]"
2013-08-19 10:55:04,337 DEBUG [httpclient.wire.header] << "HTTP/1.1 200 OK[\r][\n]"
2013-08-19 10:55:04,338 DEBUG [httpclient.wire.header] << "Server: Apache-Coyote/1.1[\r][\n]"
2013-08-19 10:55:04,338 DEBUG [httpclient.wire.header] << "Accept-Ranges: bytes[\r][\n]"
2013-08-19 10:55:04,338 DEBUG [httpclient.wire.header] << "ETag: W/"43-1366230592000"[\r][\n]"
2013-08-19 10:55:04,338 DEBUG [httpclient.wire.header] << "Last-Modified: Wed, 17 Apr 2013 20:29:52 GMT[\r][\n]"
2013-08-19 10:55:04,338 DEBUG [httpclient.wire.header] << "Content-Type: image/gif[\r][\n]"
2013-08-19 10:55:04,338 DEBUG [httpclient.wire.header] << "Content-Length: 43[\r][\n]"
2013-08-19 10:55:04,338 DEBUG [httpclient.wire.header] << "Date: Mon, 19 Aug 2013 15:55:04 GMT[\r][\n]"
2013-08-19 10:55:04,338 DEBUG [httpclient.wire.content] << "GIF89a[0x1][0x0][0x1][0x0][0x80][0x0][0x0][0x0][0x0][0x0][0x0][0x0][0x0]![0xf9][0x4][0x1][0x0][0x0][0x0][0x0],[0x0][0x0][0x0][0x0][0x1][0x0][0x1][0x0][0x0][0x2][0x2]D[0x1][0x0];"
2013-08-19 10:55:34,333 DEBUG [httpclient.wire.header] >> "GET /pentaho/ping/alive.gif?requestedMimeType=text%2Fxml HTTP/1.1[\r][\n]"
2013-08-19 10:55:34,333 DEBUG [httpclient.wire.header] >> "User-Agent: org.pentaho.pac.server.common.ThreadSafeHttpClient[\r][\n]"
2013-08-19 10:55:34,333 DEBUG [httpclient.wire.header] >> "Host: localhost:8080[\r][\n]"
2013-08-19 10:55:34,333 DEBUG [httpclient.wire.header] >> "Cookie: $Version=0; JSESSIONID=91AB6D327F36DEA70FC7150A58D08498; $Path=/pentaho[\r][\n]"
2013-08-19 10:55:34,334 DEBUG [httpclient.wire.header] >> "[\r][\n]"
2013-08-19 10:55:34,354 DEBUG [httpclient.wire.header] << "HTTP/1.1 200 OK[\r][\n]"
2013-08-19 10:55:34,354 DEBUG [httpclient.wire.header] << "Server: Apache-Coyote/1.1[\r][\n]"
2013-08-19 10:55:34,354 DEBUG [httpclient.wire.header] << "Accept-Ranges: bytes[\r][\n]"
2013-08-19 10:55:34,354 DEBUG [httpclient.wire.header] << "ETag: W/"43-1366230592000"[\r][\n]"
2013-08-19 10:55:34,354 DEBUG [httpclient.wire.header] << "Last-Modified: Wed, 17 Apr 2013 20:29:52 GMT[\r][\n]"
2013-08-19 10:55:34,354 DEBUG [httpclient.wire.header] << "Content-Type: image/gif[\r][\n]"
2013-08-19 10:55:34,354 DEBUG [httpclient.wire.header] << "Content-Length: 43[\r][\n]"
2013-08-19 10:55:34,354 DEBUG [httpclient.wire.header] << "Date: Mon, 19 Aug 2013 15:55:34 GMT[\r][\n]"
2013-08-19 10:55:34,355 DEBUG [httpclient.wire.content] << "GIF89a[0x1][0x0][0x1][0x0][0x80][0x0][0x0][0x0][0x0][0x0][0x0][0x0][0x0]![0xf9][0x4][0x1][0x0][0x0][0x0][0x0],[0x0][0x0][0x0][0x0][0x1][0x0][0x1][0x0][0x0][0x2][0x2]D[0x1][0x0];"
2013-08-19 10:56:04,337 DEBUG [httpclient.wire.header] >> "GET /pentaho/ping/alive.gif?requestedMimeType=text%2Fxml HTTP/1.1[\r][\n]"
2013-08-19 10:56:04,337 DEBUG [httpclient.wire.header] >> "User-Agent: org.pentaho.pac.server.common.ThreadSafeHttpClient[\r][\n]"
2013-08-19 10:56:04,337 DEBUG [httpclient.wire.header] >> "Host: localhost:8080[\r][\n]"
2013-08-19 10:56:04,337 DEBUG [httpclient.wire.header] >> "Cookie: $Version=0; JSESSIONID=91AB6D327F36DEA70FC7150A58D08498; $Path=/pentaho[\r][\n]"
2013-08-19 10:56:04,337 DEBUG [httpclient.wire.header] >> "[\r][\n]"
2013-08-19 10:56:04,342 DEBUG [httpclient.wire.header] << "HTTP/1.1 200 OK[\r][\n]"
2013-08-19 10:56:04,343 DEBUG [httpclient.wire.header] << "Server: Apache-Coyote/1.1[\r][\n]"
2013-08-19 10:56:04,343 DEBUG [httpclient.wire.header] << "Accept-Ranges: bytes[\r][\n]"
2013-08-19 10:56:04,343 DEBUG [httpclient.wire.header] << "ETag: W/"43-1366230592000"[\r][\n]"
2013-08-19 10:56:04,343 DEBUG [httpclient.wire.header] << "Last-Modified: Wed, 17 Apr 2013 20:29:52 GMT[\r][\n]"
2013-08-19 10:56:04,343 DEBUG [httpclient.wire.header] << "Content-Type: image/gif[\r][\n]"
2013-08-19 10:56:04,343 DEBUG [httpclient.wire.header] << "Content-Length: 43[\r][\n]"
2013-08-19 10:56:04,343 DEBUG [httpclient.wire.header] << "Date: Mon, 19 Aug 2013 15:56:04 GMT[\r][\n]"
2013-08-19 10:56:04,343 DEBUG [httpclient.wire.content] << "GIF89a[0x1][0x0][0x1][0x0][0x80][0x0][0x0][0x0][0x0][0x0][0x0][0x0][0x0]![0xf9][0x4][0x1][0x0][0x0][0x0][0x0],[0x0][0x0][0x0][0x0][0x1][0x0][0x1][0x0][0x0][0x2][0x2]D[0x1][0x0];"
2013-08-19 10:56:34,329 DEBUG [httpclient.wire.header] >> "GET /pentaho/ping/alive.gif?requestedMimeType=text%2Fxml HTTP/1.1[\r][\n]"
2013-08-19 10:56:34,329 DEBUG [httpclient.wire.header] >> "User-Agent: org.pentaho.pac.server.common.ThreadSafeHttpClient[\r][\n]"
2013-08-19 10:56:34,329 DEBUG [httpclient.wire.header] >> "Host: localhost:8080[\r][\n]"
2013-08-19 10:56:34,329 DEBUG [httpclient.wire.header] >> "Cookie: $Version=0; JSESSIONID=91AB6D327F36DEA70FC7150A58D08498; $Path=/pentaho[\r][\n]"
2013-08-19 10:56:34,329 DEBUG [httpclient.wire.header] >> "[\r][\n]"
2013-08-19 10:56:34,334 DEBUG [httpclient.wire.header] << "HTTP/1.1 200 OK[\r][\n]"
2013-08-19 10:56:34,334 DEBUG [httpclient.wire.header] << "Server: Apache-Coyote/1.1[\r][\n]"
2013-08-19 10:56:34,334 DEBUG [httpclient.wire.header] << "Accept-Ranges: bytes[\r][\n]"
2013-08-19 10:56:34,335 DEBUG [httpclient.wire.header] << "ETag: W/"43-1366230592000"[\r][\n]"
2013-08-19 10:56:34,335 DEBUG [httpclient.wire.header] << "Last-Modified: Wed, 17 Apr 2013 20:29:52 GMT[\r][\n]"
2013-08-19 10:56:34,335 DEBUG [httpclient.wire.header] << "Content-Type: image/gif[\r][\n]"
2013-08-19 10:56:34,335 DEBUG [httpclient.wire.header] << "Content-Length: 43[\r][\n]"
2013-08-19 10:56:34,335 DEBUG [httpclient.wire.header] << "Date: Mon, 19 Aug 2013 15:56:34 GMT[\r][\n]"
2013-08-19 10:56:34,335 DEBUG [httpclient.wire.content] << "GIF89a[0x1][0x0][0x1][0x0][0x80][0x0][0x0][0x0][0x0][0x0][0x0][0x0][0x0]![0xf9][0x4][0x1][0x0][0x0][0x0][0x0],[0x0][0x0][0x0][0x0][0x1][0x0][0x1][0x0][0x0][0x2][0x2]D[0x1][0x0];"
2013-08-19 10:57:04,329 DEBUG [httpclient.wire.header] >> "GET /pentaho/ping/alive.gif?requestedMimeType=text%2Fxml HTTP/1.1[\r][\n]"
2013-08-19 10:57:04,329 DEBUG [httpclient.wire.header] >> "User-Agent: org.pentaho.pac.server.common.ThreadSafeHttpClient[\r][\n]"
2013-08-19 10:57:04,329 DEBUG [httpclient.wire.header] >> "Host: localhost:8080[\r][\n]"
2013-08-19 10:57:04,329 DEBUG [httpclient.wire.header] >> "Cookie: $Version=0; JSESSIONID=91AB6D327F36DEA70FC7150A58D08498; $Path=/pentaho[\r][\n]"
2013-08-19 10:57:04,329 DEBUG [httpclient.wire.header] >> "[\r][\n]"
2013-08-19 10:57:04,333 DEBUG [httpclient.wire.header] << "HTTP/1.1 200 OK[\r][\n]"
2013-08-19 10:57:04,333 DEBUG [httpclient.wire.header] << "Server: Apache-Coyote/1.1[\r][\n]"
2013-08-19 10:57:04,333 DEBUG [httpclient.wire.header] << "Accept-Ranges: bytes[\r][\n]"
2013-08-19 10:57:04,333 DEBUG [httpclient.wire.header] << "ETag: W/"43-1366230592000"[\r][\n]"
2013-08-19 10:57:04,333 DEBUG [httpclient.wire.header] << "Last-Modified: Wed, 17 Apr 2013 20:29:52 GMT[\r][\n]"
2013-08-19 10:57:04,333 DEBUG [httpclient.wire.header] << "Content-Type: image/gif[\r][\n]"
2013-08-19 10:57:04,333 DEBUG [httpclient.wire.header] << "Content-Length: 43[\r][\n]"
2013-08-19 10:57:04,334 DEBUG [httpclient.wire.header] << "Date: Mon, 19 Aug 2013 15:57:04 GMT[\r][\n]"
2013-08-19 10:57:04,334 DEBUG [httpclient.wire.content] << "GIF89a[0x1][0x0][0x1][0x0][0x80][0x0][0x0][0x0][0x0][0x0][0x0][0x0][0x0]![0xf9][0x4][0x1][0x0][0x0][0x0][0x0],[0x0][0x0][0x0][0x0][0x1][0x0][0x1][0x0][0x0][0x2][0x2]D[0x1][0x0];"
2013-08-19 10:57:34,808 DEBUG [httpclient.wire.header] >> "GET /pentaho/ping/alive.gif?requestedMimeType=text%2Fxml HTTP/1.1[\r][\n]"
2013-08-19 10:57:34,809 DEBUG [httpclient.wire.header] >> "User-Agent: org.pentaho.pac.server.common.ThreadSafeHttpClient[\r][\n]"
2013-08-19 10:57:34,809 DEBUG [httpclient.wire.header] >> "Host: localhost:8080[\r][\n]"
2013-08-19 10:57:34,809 DEBUG [httpclient.wire.header] >> "Cookie: $Version=0; JSESSIONID=91AB6D327F36DEA70FC7150A58D08498; $Path=/pentaho[\r][\n]"
2013-08-19 10:57:34,809 DEBUG [httpclient.wire.header] >> "[\r][\n]"
2013-08-19 10:57:34,813 DEBUG [httpclient.wire.header] << "HTTP/1.1 200 OK[\r][\n]"
2013-08-19 10:57:34,813 DEBUG [httpclient.wire.header] << "Server: Apache-Coyote/1.1[\r][\n]"
2013-08-19 10:57:34,813 DEBUG [httpclient.wire.header] << "Accept-Ranges: bytes[\r][\n]"
2013-08-19 10:57:34,813 DEBUG [httpclient.wire.header] << "ETag: W/"43-1366230592000"[\r][\n]"
2013-08-19 10:57:34,814 DEBUG [httpclient.wire.header] << "Last-Modified: Wed, 17 Apr 2013 20:29:52 GMT[\r][\n]"
2013-08-19 10:57:34,814 DEBUG [httpclient.wire.header] << "Content-Type: image/gif[\r][\n]"
2013-08-19 10:57:34,814 DEBUG [httpclient.wire.header] << "Content-Length: 43[\r][\n]"
2013-08-19 10:57:34,814 DEBUG [httpclient.wire.header] << "Date: Mon, 19 Aug 2013 15:57:34 GMT[\r][\n]"
2013-08-19 10:57:34,814 DEBUG [httpclient.wire.content] << "GIF89a[0x1][0x0][0x1][0x0][0x80][0x0][0x0][0x0][0x0][0x0][0x0][0x0][0x0]![0xf9][0x4][0x1][0x0][0x0][0x0][0x0],[0x0][0x0][0x0][0x0][0x1][0x0][0x1][0x0][0x0][0x2][0x2]D[0x1][0x0];"
2013-08-19 10:58:04,806 DEBUG [httpclient.wire.header] >> "GET /pentaho/ping/alive.gif?requestedMimeType=text%2Fxml HTTP/1.1[\r][\n]"
2013-08-19 10:58:04,806 DEBUG [httpclient.wire.header] >> "User-Agent: org.pentaho.pac.server.common.ThreadSafeHttpClient[\r][\n]"
2013-08-19 10:58:04,806 DEBUG [httpclient.wire.header] >> "Host: localhost:8080[\r][\n]"
2013-08-19 10:58:04,806 DEBUG [httpclient.wire.header] >> "Cookie: $Version=0; JSESSIONID=91AB6D327F36DEA70FC7150A58D08498; $Path=/pentaho[\r][\n]"
2013-08-19 10:58:04,806 DEBUG [httpclient.wire.header] >> "[\r][\n]"
2013-08-19 10:58:04,810 DEBUG [httpclient.wire.header] << "HTTP/1.1 200 OK[\r][\n]"
2013-08-19 10:58:04,810 DEBUG [httpclient.wire.header] << "Server: Apache-Coyote/1.1[\r][\n]"
2013-08-19 10:58:04,810 DEBUG [httpclient.wire.header] << "Accept-Ranges: bytes[\r][\n]"
2013-08-19 10:58:04,810 DEBUG [httpclient.wire.header] << "ETag: W/"43-1366230592000"[\r][\n]"
2013-08-19 10:58:04,810 DEBUG [httpclient.wire.header] << "Last-Modified: Wed, 17 Apr 2013 20:29:52 GMT[\r][\n]"
2013-08-19 10:58:04,810 DEBUG [httpclient.wire.header] << "Content-Type: image/gif[\r][\n]"
2013-08-19 10:58:04,810 DEBUG [httpclient.wire.header] << "Content-Length: 43[\r][\n]"
2013-08-19 10:58:04,810 DEBUG [httpclient.wire.header] << "Date: Mon, 19 Aug 2013 15:58:04 GMT[\r][\n]"
2013-08-19 10:58:04,810 DEBUG [httpclient.wire.content] << "GIF89a[0x1][0x0][0x1][0x0][0x80][0x0][0x0][0x0][0x0][0x0][0x0][0x0][0x0]![0xf9][0x4][0x1][0x0][0x0][0x0][0x0],[0x0][0x0][0x0][0x0][0x1][0x0][0x1][0x0][0x0][0x2][0x2]D[0x1][0x0];"
2013-08-19 10:58:35,817 DEBUG [httpclient.wire.header] >> "GET /pentaho/ping/alive.gif?requestedMimeType=text%2Fxml HTTP/1.1[\r][\n]"
2013-08-19 10:58:35,818 DEBUG [httpclient.wire.header] >> "User-Agent: org.pentaho.pac.server.common.ThreadSafeHttpClient[\r][\n]"
2013-08-19 10:58:35,818 DEBUG [httpclient.wire.header] >> "Host: localhost:8080[\r][\n]"
2013-08-19 10:58:35,818 DEBUG [httpclient.wire.header] >> "Cookie: $Version=0; JSESSIONID=91AB6D327F36DEA70FC7150A58D08498; $Path=/pentaho[\r][\n]"
2013-08-19 10:58:35,818 DEBUG [httpclient.wire.header] >> "[\r][\n]"
2013-08-19 10:58:35,821 DEBUG [httpclient.wire.header] << "HTTP/1.1 200 OK[\r][\n]"
2013-08-19 10:58:35,822 DEBUG [httpclient.wire.header] << "Server: Apache-Coyote/1.1[\r][\n]"
2013-08-19 10:58:35,822 DEBUG [httpclient.wire.header] << "Accept-Ranges: bytes[\r][\n]"
2013-08-19 10:58:35,822 DEBUG [httpclient.wire.header] << "ETag: W/"43-1366230592000"[\r][\n]"
2013-08-19 10:58:35,822 DEBUG [httpclient.wire.header] << "Last-Modified: Wed, 17 Apr 2013 20:29:52 GMT[\r][\n]"
2013-08-19 10:58:35,822 DEBUG [httpclient.wire.header] << "Content-Type: image/gif[\r][\n]"
2013-08-19 10:58:35,822 DEBUG [httpclient.wire.header] << "Content-Length: 43[\r][\n]"
2013-08-19 10:58:35,822 DEBUG [httpclient.wire.header] << "Date: Mon, 19 Aug 2013 15:58:35 GMT[\r][\n]"
2013-08-19 10:58:35,822 DEBUG [httpclient.wire.content] << "GIF89a[0x1][0x0][0x1][0x0][0x80][0x0][0x0][0x0][0x0][0x0][0x0][0x0][0x0]![0xf9][0x4][0x1][0x0][0x0][0x0][0x0],[0x0][0x0][0x0][0x0][0x1][0x0][0x1][0x0][0x0][0x2][0x2]D[0x1][0x0];"
2013-08-19 10:59:05,807 DEBUG [httpclient.wire.header] >> "GET /pentaho/ping/alive.gif?requestedMimeType=text%2Fxml HTTP/1.1[\r][\n]"
2013-08-19 10:59:05,807 DEBUG [httpclient.wire.header] >> "User-Agent: org.pentaho.pac.server.common.ThreadSafeHttpClient[\r][\n]"
2013-08-19 10:59:05,807 DEBUG [httpclient.wire.header] >> "Host: localhost:8080[\r][\n]"
2013-08-19 10:59:05,807 DEBUG [httpclient.wire.header] >> "Cookie: $Version=0; JSESSIONID=91AB6D327F36DEA70FC7150A58D08498; $Path=/pentaho[\r][\n]"
2013-08-19 10:59:05,807 DEBUG [httpclient.wire.header] >> "[\r][\n]"
2013-08-19 10:59:05,812 DEBUG [httpclient.wire.header] << "HTTP/1.1 200 OK[\r][\n]"
2013-08-19 10:59:05,812 DEBUG [httpclient.wire.header] << "Server: Apache-Coyote/1.1[\r][\n]"
2013-08-19 10:59:05,812 DEBUG [httpclient.wire.header] << "Accept-Ranges: bytes[\r][\n]"
2013-08-19 10:59:05,812 DEBUG [httpclient.wire.header] << "ETag: W/"43-1366230592000"[\r][\n]"
2013-08-19 10:59:05,812 DEBUG [httpclient.wire.header] << "Last-Modified: Wed, 17 Apr 2013 20:29:52 GMT[\r][\n]"
2013-08-19 10:59:05,812 DEBUG [httpclient.wire.header] << "Content-Type: image/gif[\r][\n]"
2013-08-19 10:59:05,812 DEBUG [httpclient.wire.header] << "Content-Length: 43[\r][\n]"
2013-08-19 10:59:05,813 DEBUG [httpclient.wire.header] << "Date: Mon, 19 Aug 2013 15:59:05 GMT[\r][\n]"
2013-08-19 10:59:05,813 DEBUG [httpclient.wire.content] << "GIF89a[0x1][0x0][0x1][0x0][0x80][0x0][0x0][0x0][0x0][0x0][0x0][0x0][0x0]![0xf9][0x4][0x1][0x0][0x0][0x0][0x0],[0x0][0x0][0x0][0x0][0x1][0x0][0x1][0x0][0x0][0x2][0x2]D[0x1][0x0];"
2013-08-19 10:59:36,815 DEBUG [httpclient.wire.header] >> "GET /pentaho/ping/alive.gif?requestedMimeType=text%2Fxml HTTP/1.1[\r][\n]"
2013-08-19 10:59:36,815 DEBUG [httpclient.wire.header] >> "User-Agent: org.pentaho.pac.server.common.ThreadSafeHttpClient[\r][\n]"
2013-08-19 10:59:36,815 DEBUG [httpclient.wire.header] >> "Host: localhost:8080[\r][\n]"
2013-08-19 10:59:36,815 DEBUG [httpclient.wire.header] >> "Cookie: $Version=0; JSESSIONID=91AB6D327F36DEA70FC7150A58D08498; $Path=/pentaho[\r][\n]"
2013-08-19 10:59:36,816 DEBUG [httpclient.wire.header] >> "[\r][\n]"
2013-08-19 10:59:36,820 DEBUG [httpclient.wire.header] << "HTTP/1.1 200 OK[\r][\n]"
2013-08-19 10:59:36,821 DEBUG [httpclient.wire.header] << "Server: Apache-Coyote/1.1[\r][\n]"
2013-08-19 10:59:36,821 DEBUG [httpclient.wire.header] << "Accept-Ranges: bytes[\r][\n]"
2013-08-19 10:59:36,821 DEBUG [httpclient.wire.header] << "ETag: W/"43-1366230592000"[\r][\n]"
2013-08-19 10:59:36,821 DEBUG [httpclient.wire.header] << "Last-Modified: Wed, 17 Apr 2013 20:29:52 GMT[\r][\n]"
2013-08-19 10:59:36,821 DEBUG [httpclient.wire.header] << "Content-Type: image/gif[\r][\n]"
2013-08-19 10:59:36,821 DEBUG [httpclient.wire.header] << "Content-Length: 43[\r][\n]"
2013-08-19 10:59:36,821 DEBUG [httpclient.wire.header] << "Date: Mon, 19 Aug 2013 15:59:36 GMT[\r][\n]"
2013-08-19 10:59:36,821 DEBUG [httpclient.wire.content] << "GIF89a[0x1][0x0][0x1][0x0][0x80][0x0][0x0][0x0][0x0][0x0][0x0][0x0][0x0]![0xf9][0x4][0x1][0x0][0x0][0x0][0x0],[0x0][0x0][0x0][0x0][0x1][0x0][0x1][0x0][0x0][0x2][0x2]D[0x1][0x0];"
2013-08-19 11:00:07,813 DEBUG [httpclient.wire.header] >> "GET /pentaho/ping/alive.gif?requestedMimeType=text%2Fxml HTTP/1.1[\r][\n]"
2013-08-19 11:00:07,813 DEBUG [httpclient.wire.header] >> "User-Agent: org.pentaho.pac.server.common.ThreadSafeHttpClient[\r][\n]"
2013-08-19 11:00:07,813 DEBUG [httpclient.wire.header] >> "Host: localhost:8080[\r][\n]"
2013-08-19 11:00:07,813 DEBUG [httpclient.wire.header] >> "Cookie: $Version=0; JSESSIONID=91AB6D327F36DEA70FC7150A58D08498; $Path=/pentaho[\r][\n]"
2013-08-19 11:00:07,813 DEBUG [httpclient.wire.header] >> "[\r][\n]"
2013-08-19 11:00:07,817 DEBUG [httpclient.wire.header] << "HTTP/1.1 200 OK[\r][\n]"
2013-08-19 11:00:07,817 DEBUG [httpclient.wire.header] << "Server: Apache-Coyote/1.1[\r][\n]"
2013-08-19 11:00:07,817 DEBUG [httpclient.wire.header] << "Accept-Ranges: bytes[\r][\n]"
2013-08-19 11:00:07,817 DEBUG [httpclient.wire.header] << "ETag: W/"43-1366230592000"[\r][\n]"
2013-08-19 11:00:07,817 DEBUG [httpclient.wire.header] << "Last-Modified: Wed, 17 Apr 2013 20:29:52 GMT[\r][\n]"
2013-08-19 11:00:07,817 DEBUG [httpclient.wire.header] << "Content-Type: image/gif[\r][\n]"
2013-08-19 11:00:07,817 DEBUG [httpclient.wire.header] << "Content-Length: 43[\r][\n]"
2013-08-19 11:00:07,817 DEBUG [httpclient.wire.header] << "Date: Mon, 19 Aug 2013 16:00:07 GMT[\r][\n]"
2013-08-19 11:00:07,818 DEBUG [httpclient.wire.content] << "GIF89a[0x1][0x0][0x1][0x0][0x80][0x0][0x0][0x0][0x0][0x0][0x0][0x0][0x0]![0xf9][0x4][0x1][0x0][0x0][0x0][0x0],[0x0][0x0][0x0][0x0][0x1][0x0][0x1][0x0][0x0][0x2][0x2]D[0x1][0x0];"
2013-08-19 11:01:24,448 INFO  [/] org.pentaho.pac.server.common.HibernateConfigurationServiceImpl-951442116: destroy
2013-08-19 11:01:24,449 INFO  [/] org.pentaho.pac.server.common.JdbcDriverDiscoveryServiceImpl-2044601711: destroy
2013-08-19 11:01:24,449 INFO  [/] org.pentaho.pac.server.SolutionRepositoryServiceImpl-1875244867: destroy
2013-08-19 11:01:24,450 INFO  [/] org.pentaho.pac.server.SubscriptionServiceImpl-1352618001: destroy
2013-08-19 11:01:24,451 INFO  [/] org.pentaho.pac.server.SchedulerServiceImpl-788223665: destroy
2013-08-19 11:01:24,452 INFO  [/] org.pentaho.pac.server.PacServiceImpl-697542255: destroy
2013-08-19 11:01:24,452 INFO  [/] org.pentaho.pac.server.BrowserLocaleServlet-792386646: destroy
2013-08-19 11:01:24,452 INFO  [/] org.pentaho.pac.server.DefaultConsoleServlet-1205807115: destroy
